"../../../../../../UnrealProjects/EscapeRoomPuzzle/Content/Test.uasset" 0
"../../../../../../UnrealProjects/EscapeRoomPuzzle/Content/AdvancedMagicFX12/Meshes/SK_ky_bigSword_anim_Skeleton.uasset" 1
"../../../Engine/Content/Functions/Engine_MaterialFunctions01/Gradient/LinearGradient.uasset" 2
"../../../../../../UnrealProjects/EscapeRoomPuzzle/Content/AdvancedMagicFX12/Textures/T_ky_noise6.uasset" 3
"../../../../../../UnrealProjects/EscapeRoomPuzzle/Content/AdvancedMagicFX12/Materials/M_ky_trail_sword_primitive.uasset" 4
"../../../../../../UnrealProjects/EscapeRoomPuzzle/Content/AdvancedMagicFX12/Particles/P_ky_trail_primitive.uasset" 5
"../../../../../../UnrealProjects/EscapeRoomPuzzle/Content/AdvancedMagicFX12/Animations/AS_test.uasset" 6
"../../../Engine/Content/Functions/Engine_MaterialFunctions01/Opacity/CameraDepthFade.uasset" 7
"../../../Engine/Content/EngineMaterials/T_Default_Material_Grid_M.uasset" 8
"../../../Engine/Content/EngineMaterials/T_Default_Material_Grid_N.uasset" 9
"../../../Engine/Content/EngineMaterials/WorldGridMaterial.uasset" 10
"../../../../../../UnrealProjects/EscapeRoomPuzzle/Content/AdvancedMagicFX12/Meshes/SM_ky_sphere.uasset" 11
"../../../Engine/Content/EditorBlueprintResources/StandardMacros.uasset" 12
"../../../../../../UnrealProjects/EscapeRoomPuzzle/Content/Blueprints/Terminal.uasset" 13
"../../../../../../UnrealProjects/EscapeRoomPuzzle/Content/Blueprints/Typewriter_Widget.uasset" 14
"../../../../../../UnrealProjects/EscapeRoomPuzzle/Content/Blueprints/ObjectiveWidget.uasset" 15
"../../../../../../UnrealProjects/EscapeRoomPuzzle/Content/Blueprints/PauseMenu_Widget.uasset" 16
"../../../../../../UnrealProjects/EscapeRoomPuzzle/Content/Blueprints/MyCharacter.uasset" 17
"../../../../../../UnrealProjects/EscapeRoomPuzzle/Content/Blueprints/ActualPlayMode.uasset" 18
"../../../../../../UnrealProjects/EscapeRoomPuzzle/Content/Blueprints/MyGameModeBase.uasset" 19
"../../../../../../UnrealProjects/EscapeRoomPuzzle/Content/Blueprints/MainMenu/MainMenu.uasset" 20
"../../../../../../UnrealProjects/EscapeRoomPuzzle/Content/IDA_Music_Pack/Wavs/WAV_IDA_-_Danger_Loop.uasset" 21
"../../../../../../UnrealProjects/EscapeRoomPuzzle/Content/IDA_Music_Pack/Cues/CUE_IDA_-_Danger_Loop_Cue.uasset" 22
"../../../../../../UnrealProjects/EscapeRoomPuzzle/Content/IDA_Music_Pack/Wavs/WAV_IDA_-_High_Intensity_Loop.uasset" 23
"../../../../../../UnrealProjects/EscapeRoomPuzzle/Content/IDA_Music_Pack/Cues/CUE_IDA_-_High_Intensity_Loop_Cue.uasset" 24
"../../../../../../UnrealProjects/EscapeRoomPuzzle/Content/IDA_Music_Pack/Wavs/WAV_IDA_-_Low_Intensity_Loop.uasset" 25
"../../../../../../UnrealProjects/EscapeRoomPuzzle/Content/IDA_Music_Pack/Cues/CUE_IDA_-_Low_Intensity_Loop_Cue.uasset" 26
"../../../../../../UnrealProjects/EscapeRoomPuzzle/Content/IDA_Music_Pack/Wavs/WAV_IDA_-_Medium_Intensity.uasset" 27
"../../../../../../UnrealProjects/EscapeRoomPuzzle/Content/IDA_Music_Pack/Cues/CUE_IDA_-_Medium_Intensity_Cue.uasset" 28
"../../../../../../UnrealProjects/EscapeRoomPuzzle/Content/IDA_Music_Pack/Wavs/WAV_UI_IDA_-_Event_Stinger.uasset" 29
"../../../../../../UnrealProjects/EscapeRoomPuzzle/Content/IDA_Music_Pack/Cues/CUE_UI_IDA_-_Event_Stinger_Cue.uasset" 30
"../../../../../../UnrealProjects/EscapeRoomPuzzle/Content/ModularFantasyHouse/Textures/T_BlackPlaceHolder.uasset" 31
"../../../../../../UnrealProjects/EscapeRoomPuzzle/Content/ModularFantasyHouse/Textures/T_NormalPlaceHolder.uasset" 32
"../../../../../../UnrealProjects/EscapeRoomPuzzle/Content/ModularFantasyHouse/Materials/M_Props.uasset" 33
"../../../../../../UnrealProjects/EscapeRoomPuzzle/Content/ModularFantasyHouse/Textures/T_Bags_A.uasset" 34
"../../../../../../UnrealProjects/EscapeRoomPuzzle/Content/ModularFantasyHouse/Textures/T_Bags_AO_R_M.uasset" 35
"../../../../../../UnrealProjects/EscapeRoomPuzzle/Content/ModularFantasyHouse/Textures/T_Bags_N.uasset" 36
"../../../../../../UnrealProjects/EscapeRoomPuzzle/Content/ModularFantasyHouse/Materials/MI_Bags.uasset" 37
"../../../../../../UnrealProjects/EscapeRoomPuzzle/Content/ModularFantasyHouse/Meshes/Props/Temp_SM_Bag.uasset" 38
"../../../../../../UnrealProjects/EscapeRoomPuzzle/Content/StarterContent/Materials/M_Basic_Wall.uasset" 39
"../../../../../../UnrealProjects/EscapeRoomPuzzle/Content/StarterContent/Architecture/Pillar_50x500.uasset" 40
"../../../../../../UnrealProjects/EscapeRoomPuzzle/Content/StarterContent/Architecture/Wall_400x300.uasset" 41
"../../../../../../UnrealProjects/EscapeRoomPuzzle/Content/StarterContent/Architecture/Wall_400x400.uasset" 42
"../../../../../../UnrealProjects/EscapeRoomPuzzle/Content/StarterContent/Architecture/Wall_500x500.uasset" 43
"../../../../../../UnrealProjects/EscapeRoomPuzzle/Content/StarterContent/Architecture/Wall_Door_400x400.uasset" 44
"../../../../../../UnrealProjects/EscapeRoomPuzzle/Content/StarterContent/Architecture/Wall_Window_400x400.uasset" 45
"../../../../../../UnrealProjects/EscapeRoomPuzzle/Content/StarterContent/Audio/Collapse01.uasset" 46
"../../../../../../UnrealProjects/EscapeRoomPuzzle/Content/StarterContent/Audio/Collapse02.uasset" 47
"../../../../../../UnrealProjects/EscapeRoomPuzzle/Content/StarterContent/Audio/Explosion01.uasset" 48
"../../../../../../UnrealProjects/EscapeRoomPuzzle/Content/StarterContent/Audio/Explosion02.uasset" 49
"../../../../../../UnrealProjects/EscapeRoomPuzzle/Content/StarterContent/Audio/Fire_Sparks01.uasset" 50
"../../../../../../UnrealProjects/EscapeRoomPuzzle/Content/StarterContent/Audio/Light01.uasset" 51
"../../../../../../UnrealProjects/EscapeRoomPuzzle/Content/StarterContent/Audio/Light01_Cue.uasset" 52
"../../../../../../UnrealProjects/EscapeRoomPuzzle/Content/StarterContent/Audio/Light02.uasset" 53
"../../../../../../UnrealProjects/EscapeRoomPuzzle/Content/StarterContent/Audio/Light02_Cue.uasset" 54
"../../../../../../UnrealProjects/EscapeRoomPuzzle/Content/StarterContent/Audio/Smoke01.uasset" 55
"../../../../../../UnrealProjects/EscapeRoomPuzzle/Content/StarterContent/Audio/Starter_Birds01.uasset" 56
"../../../../../../UnrealProjects/EscapeRoomPuzzle/Content/StarterContent/Audio/Starter_Music01.uasset" 57
"../../../../../../UnrealProjects/EscapeRoomPuzzle/Content/StarterContent/Audio/Starter_Wind05.uasset" 58
"../../../../../../UnrealProjects/EscapeRoomPuzzle/Content/StarterContent/Audio/Starter_Wind06.uasset" 59
"../../../../../../UnrealProjects/EscapeRoomPuzzle/Content/StarterContent/Audio/Steam01.uasset" 60
"../../../../../../UnrealProjects/EscapeRoomPuzzle/Content/StarterContent/Audio/Explosion_Cue.uasset" 61
"../../../../../../UnrealProjects/EscapeRoomPuzzle/Content/StarterContent/Textures/T_Burst_M.uasset" 62
"../../../../../../UnrealProjects/EscapeRoomPuzzle/Content/StarterContent/Particles/Materials/M_Burst.uasset" 63
"../../../../../../UnrealProjects/EscapeRoomPuzzle/Content/StarterContent/Textures/T_Explosion_SubUV.uasset" 64
"../../../../../../UnrealProjects/EscapeRoomPuzzle/Content/StarterContent/Particles/Materials/M_explosion_subUV.uasset" 65
"../../../../../../UnrealProjects/EscapeRoomPuzzle/Content/StarterContent/Particles/Materials/m_flare_01.uasset" 66
"../../../Engine/Content/Functions/Engine_MaterialFunctions01/Gradient/RadialGradient.uasset" 67
"../../../../../../UnrealProjects/EscapeRoomPuzzle/Content/StarterContent/Particles/Materials/M_radial_ramp.uasset" 68
"../../../../../../UnrealProjects/EscapeRoomPuzzle/Content/StarterContent/Textures/T_Smoke_SubUV.uasset" 69
"../../../../../../UnrealProjects/EscapeRoomPuzzle/Content/StarterContent/Textures/T_Smoke_Tiled_D.uasset" 70
"../../../../../../UnrealProjects/EscapeRoomPuzzle/Content/StarterContent/Particles/Materials/M_smoke_subUV.uasset" 71
"../../../../../../UnrealProjects/EscapeRoomPuzzle/Content/StarterContent/Particles/P_Explosion.uasset" 72
"../../../../../../UnrealProjects/EscapeRoomPuzzle/Content/StarterContent/Blueprints/Blueprint_Effect_Explosion.uasset" 73
"../../../../../../UnrealProjects/EscapeRoomPuzzle/Content/Materials/kloppenheim_01_4k.uasset" 74
"../../../../../../UnrealProjects/EscapeRoomPuzzle/Content/StarterContent/HDRI/kloppenheim_01_4k.uasset" 75
"../../../../../../UnrealProjects/EscapeRoomPuzzle/Content/Materials/M_Sky.uasset" 76
"../../../../../../UnrealProjects/EscapeRoomPuzzle/Content/Materials/M_Sky_Inst.uasset" 77
"../../../../../../UnrealProjects/EscapeRoomPuzzle/Content/StarterContent/HDRI/M_Sky_Inst.uasset" 78
"../../../Engine/Content/EditorMeshes/ColorCalibrator/T_ColorGrid.uasset" 79
"../../../../../../UnrealProjects/EscapeRoomPuzzle/Content/StarterContent/Materials/M_ColorGrid_LowSpec.uasset" 80
"../../../../../../UnrealProjects/EscapeRoomPuzzle/Content/StarterContent/Textures/T_Bush_D.uasset" 81
"../../../../../../UnrealProjects/EscapeRoomPuzzle/Content/StarterContent/Textures/T_Bush_N.uasset" 82
"../../../../../../UnrealProjects/EscapeRoomPuzzle/Content/StarterContent/Props/Materials/M_Bush.uasset" 83
"../../../../../../UnrealProjects/EscapeRoomPuzzle/Content/StarterContent/Props/SM_Bush.uasset" 84
"../../../../../../UnrealProjects/EscapeRoomPuzzle/Content/StarterContent/Textures/T_Chair_M.uasset" 85
"../../../../../../UnrealProjects/EscapeRoomPuzzle/Content/StarterContent/Textures/T_Chair_N.uasset" 86
"../../../../../../UnrealProjects/EscapeRoomPuzzle/Content/StarterContent/Props/Materials/M_Chair.uasset" 87
"../../../../../../UnrealProjects/EscapeRoomPuzzle/Content/StarterContent/Props/SM_Couch.uasset" 88
"../../../../../../UnrealProjects/EscapeRoomPuzzle/Content/StarterContent/Materials/M_Glass.uasset" 89
"../../../../../../UnrealProjects/EscapeRoomPuzzle/Content/StarterContent/Textures/T_Door_M.uasset" 90
"../../../../../../UnrealProjects/EscapeRoomPuzzle/Content/StarterContent/Textures/T_Door_N.uasset" 91
"../../../../../../UnrealProjects/EscapeRoomPuzzle/Content/StarterContent/Props/Materials/M_Door.uasset" 92
"../../../../../../UnrealProjects/EscapeRoomPuzzle/Content/StarterContent/Props/SM_Door.uasset" 93
"../../../../../../UnrealProjects/EscapeRoomPuzzle/Content/StarterContent/Props/Materials/M_MaterialSphere.uasset" 94
"../../../../../../UnrealProjects/EscapeRoomPuzzle/Content/StarterContent/Props/Materials/M_MaterialSphere_Plain.uasset" 95
"../../../../../../UnrealProjects/EscapeRoomPuzzle/Content/StarterContent/Props/SM_MatPreviewMesh_02.uasset" 96
"../../../Engine/Content/Functions/Engine_MaterialFunctions02/Utility/BlendAngleCorrectedNormals.uasset" 97
"../../../../../../UnrealProjects/EscapeRoomPuzzle/Content/StarterContent/Textures/T_Detail_Rocky_N.uasset" 98
"../../../../../../UnrealProjects/EscapeRoomPuzzle/Content/StarterContent/Textures/T_Rock_Basalt_D.uasset" 99
"../../../../../../UnrealProjects/EscapeRoomPuzzle/Content/StarterContent/Textures/T_RockMesh_M.uasset" 100
"../../../../../../UnrealProjects/EscapeRoomPuzzle/Content/StarterContent/Textures/T_RockMesh_N.uasset" 101
"../../../../../../UnrealProjects/EscapeRoomPuzzle/Content/StarterContent/Props/Materials/M_Rock.uasset" 102
"../../../../../../UnrealProjects/EscapeRoomPuzzle/Content/StarterContent/Props/SM_Rock.uasset" 103
"../../../../../../UnrealProjects/EscapeRoomPuzzle/Content/StarterContent/Textures/T_Shelf_M.uasset" 104
"../../../../../../UnrealProjects/EscapeRoomPuzzle/Content/StarterContent/Textures/T_Shelf_N.uasset" 105
"../../../../../../UnrealProjects/EscapeRoomPuzzle/Content/StarterContent/Props/Materials/M_Shelf.uasset" 106
"../../../../../../UnrealProjects/EscapeRoomPuzzle/Content/StarterContent/Props/SM_Shelf.uasset" 107
"../../../../../../UnrealProjects/EscapeRoomPuzzle/Content/StarterContent/Materials/M_Basic_Floor.uasset" 108
"../../../../../../UnrealProjects/EscapeRoomPuzzle/Content/StarterContent/Props/SM_Stairs.uasset" 109
"../../../../../../UnrealProjects/EscapeRoomPuzzle/Content/StarterContent/Shapes/Shape_Cone.uasset" 110
"../../../../../../UnrealProjects/EscapeRoomPuzzle/Content/StarterContent/Shapes/Shape_Cylinder.uasset" 111
"../../../../../../UnrealProjects/EscapeRoomPuzzle/Content/StarterContent/Shapes/Shape_NarrowCapsule.uasset" 112
"../../../../../../UnrealProjects/EscapeRoomPuzzle/Content/StarterContent/Shapes/Shape_Pipe.uasset" 113
"../../../../../../UnrealProjects/EscapeRoomPuzzle/Content/StarterContent/Shapes/Shape_Pipe_180.uasset" 114
"../../../../../../UnrealProjects/EscapeRoomPuzzle/Content/StarterContent/Shapes/Shape_Pipe_90.uasset" 115
"../../../../../../UnrealProjects/EscapeRoomPuzzle/Content/StarterContent/Shapes/Shape_Plane.uasset" 116
"../../../../../../UnrealProjects/EscapeRoomPuzzle/Content/StarterContent/Shapes/Shape_Torus.uasset" 117
"../../../../../../UnrealProjects/EscapeRoomPuzzle/Content/StarterContent/Shapes/Shape_Trim.uasset" 118
"../../../../../../UnrealProjects/EscapeRoomPuzzle/Content/StarterContent/Shapes/Shape_Trim_90_In.uasset" 119
"../../../../../../UnrealProjects/EscapeRoomPuzzle/Content/StarterContent/Shapes/Shape_Trim_90_Out.uasset" 120
"../../../../../../UnrealProjects/EscapeRoomPuzzle/Content/StarterContent/Shapes/Shape_TriPyramid.uasset" 121
"../../../../../../UnrealProjects/EscapeRoomPuzzle/Content/StarterContent/Shapes/Shape_Tube.uasset" 122
"../../../../../../UnrealProjects/EscapeRoomPuzzle/Content/StarterContent/Shapes/Shape_Wedge_A.uasset" 123
"../../../../../../UnrealProjects/EscapeRoomPuzzle/Content/StarterContent/Shapes/Shape_Wedge_B.uasset" 124
"../../../../../../UnrealProjects/EscapeRoomPuzzle/Content/StarterContent/Shapes/Shape_WideCapsule.uasset" 125
"../../../Engine/Content/Animation/DefaultAnimBoneCompressionSettings.uasset" 126
"../../../Engine/Content/Animation/DefaultAnimCurveCompressionSettings.uasset" 127
"../../../Engine/Content/ArtTools/RenderToTexture/Meshes/S_1_Unit_Plane.uasset" 128
"../../../Engine/Content/EngineMaterials/DefaultMaterial.uasset" 129
"../../../Engine/Content/BasicShapes/Cone.uasset" 130
"../../../Engine/Content/BasicShapes/Cylinder.uasset" 131
"../../../Engine/Content/BasicShapes/Plane.uasset" 132
"../../../Engine/Content/BasicShapes/Sphere.uasset" 133
"../../../Engine/Content/EditorLandscapeResources/DataLayer.uasset" 134
"../../../Engine/Content/EditorMaterials/MAT_Groups_Toggle.uasset" 135
"../../../Engine/Content/EditorMaterials/MAT_Groups_Visibility.uasset" 136
"../../../Engine/Content/EditorMaterials/PreviewShadowIndicator.uasset" 137
"../../../Engine/Content/EditorMaterials/PreviewShadowIndicatorMaterial.uasset" 138
"../../../Engine/Content/EditorMaterials/MatineeGroups/MAT_ColorTrack.uasset" 139
"../../../Engine/Content/EditorMaterials/MatineeGroups/MAT_Groups_Anim.uasset" 140
"../../../Engine/Content/EditorMaterials/MatineeGroups/MAT_Groups_AudioMaster.uasset" 141
"../../../Engine/Content/EditorMaterials/MatineeGroups/MAT_Groups_Director.uasset" 142
"../../../Engine/Content/EditorMaterials/MatineeGroups/MAT_Groups_Event.uasset" 143
"../../../Engine/Content/EditorMaterials/MatineeGroups/MAT_Groups_Fade.uasset" 144
"../../../Engine/Content/EditorMaterials/MatineeGroups/MAT_Groups_Float.uasset" 145
"../../../Engine/Content/EditorMaterials/MatineeGroups/MAT_Groups_Move.uasset" 146
"../../../Engine/Content/EditorMaterials/MatineeGroups/MAT_Groups_Slomo.uasset" 147
"../../../Engine/Content/EditorMaterials/MatineeGroups/MAT_Groups_Sound.uasset" 148
"../../../Engine/Content/EditorMaterials/MatineeGroups/MAT_Groups_Vector.uasset" 149
"../../../Engine/Content/EditorMaterials/ParticleSystems/PSysThumbnail_NoImage.uasset" 150
"../../../Engine/Content/EditorMaterials/ParticleSystems/PSysThumbnail_OOD.uasset" 151
"../../../Engine/Content/EditorMaterials/Camera/CineMat.uasset" 152
"../../../Engine/Content/EditorMaterials/Camera/MI_CineMat_Rig.uasset" 153
"../../../Engine/Content/EditorMeshes/Camera/SM_CraneRig_Arm.uasset" 154
"../../../Engine/Content/EditorMeshes/Camera/SM_CraneRig_Base.uasset" 155
"../../../Engine/Content/EditorMeshes/Camera/SM_CraneRig_Body.uasset" 156
"../../../Engine/Content/EditorMeshes/Camera/SM_CraneRig_Mount.uasset" 157
"../../../Engine/Content/EditorMeshes/Camera/SM_RailRig_Mount.uasset" 158
"../../../Engine/Content/EditorMeshes/Camera/SM_RailRig_Track.uasset" 159
"../../../Engine/Content/EditorResources/BSPVertex.uasset" 160
"../../../Engine/Content/EditorResources/EmptyActor.uasset" 161
"../../../Engine/Content/EditorResources/S_Actor.uasset" 162
"../../../Engine/Content/EditorResources/S_Note.uasset" 163
"../../../Engine/Content/EditorResources/S_Solver.uasset" 164
"../../../Engine/Content/EditorResources/S_Trigger.uasset" 165
"../../../Engine/Content/EditorResources/AudioIcons/S_AudioComponent.uasset" 166
"../../../Engine/Content/EditorResources/AudioIcons/S_AudioComponent_AutoActivate.uasset" 167
"../../../Engine/Content/EditorResources/LightIcons/S_LightError.uasset" 168
"../../../Engine/Content/EditorResources/SequenceRecorder/Countdown.uasset" 169
"../../../Engine/Content/EditorResources/SequenceRecorder/RecordingIndicator.uasset" 170
"../../../Engine/Content/EditorSounds/Notifications/CompileFailed.uasset" 171
"../../../Engine/Content/EditorSounds/Notifications/CompileFailed_Cue.uasset" 172
"../../../Engine/Content/EditorSounds/Notifications/CompileSuccess.uasset" 173
"../../../Engine/Content/EditorSounds/Notifications/CompileStart_Cue.uasset" 174
"../../../Engine/Content/EditorSounds/Notifications/CompileSuccess_Cue.uasset" 175
"../../../Engine/Content/EngineDamageTypes/DmgTypeBP_Environmental.uasset" 176
"../../../Engine/Content/EngineDebugMaterials/DebugEditorMaterial.uasset" 177
"../../../Engine/Content/EngineDebugMaterials/DebugMeshMaterial.uasset" 178
"../../../Engine/Content/EngineDebugMaterials/M_SimpleUnlitTranslucent.uasset" 179
"../../../Engine/Content/Functions/Engine_MaterialFunctions02/Utility/CameraDirectionVector.uasset" 180
"../../../Engine/Content/EngineDebugMaterials/VolumeToRender.uasset" 181
"../../../Engine/Content/EngineDebugMaterials/M_VolumeRenderSphereTracePP.uasset" 182
"../../../Engine/Content/EngineDebugMaterials/WireframeMaterial.uasset" 183
"../../../Engine/Content/EngineFonts/Faces/DroidSansFallback.uasset" 184
"../../../Engine/Content/EngineFonts/Faces/RobotoBold.uasset" 185
"../../../Engine/Content/EngineFonts/Faces/RobotoBoldItalic.uasset" 186
"../../../Engine/Content/EngineFonts/Faces/RobotoItalic.uasset" 187
"../../../Engine/Content/EngineFonts/Faces/RobotoLight.uasset" 188
"../../../Engine/Content/EngineFonts/Faces/RobotoRegular.uasset" 189
"../../../Engine/Content/EngineFonts/Roboto.uasset" 190
"../../../Engine/Content/EngineMaterials/BaseFlattenDiffuseMap.uasset" 191
"../../../Engine/Content/EngineMaterials/BaseFlattenEmissiveMap.uasset" 192
"../../../Engine/Content/EngineMaterials/BaseFlattenGrayscaleMap.uasset" 193
"../../../Engine/Content/EngineMaterials/BaseFlattenNormalMap.uasset" 194
"../../../Engine/Content/EngineMaterials/BaseFlattenMaterial.uasset" 195
"../../../Engine/Content/EngineMaterials/BlueNoise.uasset" 196
"../../../Engine/Content/EngineMaterials/DefaultBloomKernel.uasset" 197
"../../../Engine/Content/EngineMaterials/DefaultBokeh.uasset" 198
"../../../Engine/Content/EngineMaterials/DefaultDiffuse.uasset" 199
"../../../Engine/Content/EngineMaterials/DefaultDeferredDecalMaterial.uasset" 200
"../../../Engine/Content/EngineMaterials/DefaultLightFunctionMaterial.uasset" 201
"../../../Engine/Content/EngineMaterials/DefaultPhysicalMaterial.uasset" 202
"../../../Engine/Content/Functions/Engine_MaterialFunctions02/Utility/BreakOutFloat2Components.uasset" 203
"../../../Engine/Content/EngineMaterials/DefaultPostProcessMaterial.uasset" 204
"../../../Engine/Content/EngineFonts/RobotoDistanceField.uasset" 205
"../../../Engine/Content/EngineMaterials/DefaultTextMaterialOpaque.uasset" 206
"../../../Engine/Content/EngineMaterials/DefaultWhiteGrid.uasset" 207
"../../../Engine/Content/EngineMaterials/DefaultWhiteGrid_Low.uasset" 208
"../../../Engine/Content/EngineMaterials/EmissiveMeshMaterial.uasset" 209
"../../../Engine/Content/EngineMaterials/GizmoMaterial.uasset" 210
"../../../Engine/Content/EngineMaterials/Good64x64TilingNoiseHighFreq.uasset" 211
"../../../Engine/Content/EngineMaterials/MiniFont.uasset" 212
"../../../Engine/Content/EngineMaterials/InvalidLightmapSettings.uasset" 213
"../../../Engine/Content/EngineMaterials/M_InvalidLightmapSettings.uasset" 214
"../../../Engine/Content/Functions/Engine_MaterialFunctions02/WorldPositionOffset/CameraOffset.uasset" 215
"../../../Engine/Content/EngineMaterials/PhAT_JointLimitMaterial.uasset" 216
"../../../Engine/Content/EngineMaterials/PreintegratedSkinBRDF.uasset" 217
"../../../Engine/Content/EngineMaterials/RemoveSurfaceMaterial.uasset" 218
"../../../Engine/Content/EngineMaterials/WeightMapPlaceholderTexture.uasset" 219
"../../../Engine/Content/EngineResources/WhiteSquareTexture.uasset" 220
"../../../Engine/Content/EngineMaterials/Widget3DPassThrough.uasset" 221
"../../../Engine/Content/EngineMaterials/Widget3DPassThrough_Masked.uasset" 222
"../../../Engine/Content/EngineMaterials/Widget3DPassThrough_Opaque.uasset" 223
"../../../Engine/Content/EngineMaterials/Widget3DPassThrough_Masked_OneSided.uasset" 224
"../../../Engine/Content/EngineMaterials/Widget3DPassThrough_Opaque_OneSided.uasset" 225
"../../../Engine/Content/EngineMaterials/Widget3DPassThrough_Translucent.uasset" 226
"../../../Engine/Content/EngineMaterials/Widget3DPassThrough_Translucent_OneSided.uasset" 227
"../../../Engine/Content/EngineMeshes/Cylinder.uasset" 228
"../../../Engine/Content/EngineMeshes/Sphere.uasset" 229
"../../../Engine/Content/EngineResources/Black.uasset" 230
"../../../Engine/Content/EngineResources/DefaultTextureCube.uasset" 231
"../../../Engine/Content/EngineResources/DefaultVolumeTexture2D.uasset" 232
"../../../Engine/Content/EngineResources/DefaultVolumeTexture.uasset" 233
"../../../Engine/Content/EngineResources/GradientTexture0.uasset" 234
"../../../Engine/Content/EngineSounds/Master.uasset" 235
"../../../Engine/Content/Functions/Engine_MaterialFunctions01/Shading/ConvertFromDiffSpec.uasset" 236
"../../../Engine/Content/Functions/Engine_MaterialFunctions01/Shading/PowerToRoughness.uasset" 237
"../../../Engine/Content/Maps/Templates/Thumbnails/Default.uasset" 238
"../../../Engine/Content/Maps/Templates/Thumbnails/TimeOfDay.uasset" 239
"../../../Engine/Content/Maps/Templates/Thumbnails/VR-Basic.uasset" 240
"../../../Engine/Content/MobileResources/T_MobileControls_texture.uasset" 241
"../../../Engine/Content/MobileResources/T_MobileMenu2.uasset" 242
"../../../Engine/Content/MobileResources/HUD/AnalogHat.uasset" 243
"../../../Engine/Content/MobileResources/HUD/VirtualJoystick_Background.uasset" 244
"../../../Engine/Content/MobileResources/HUD/VirtualJoystick_Thumb.uasset" 245
"../../../Engine/Content/MobileResources/HUD/DefaultVirtualJoysticks.uasset" 246
"../../../Engine/Content/MobileResources/HUD/LeftVirtualJoystickOnly.uasset" 247
"../../../Engine/Content/MobileResources/HUD/MobileHUDButton1_off.uasset" 248
"../../../Engine/Content/MobileResources/HUD/MobileHUDButton1_on.uasset" 249
"../../../Engine/Content/MobileResources/HUD/MobileHUDButton2_off.uasset" 250
"../../../Engine/Content/MobileResources/HUD/MobileHUDButton2_on.uasset" 251
"../../../Engine/Content/MobileResources/HUD/MobileHUDButton3.uasset" 252
"../../../Engine/Content/MobileResources/HUD/MobileHUDButtonFire.uasset" 253
"../../../Engine/Content/MobileResources/HUD/MobileHUDDirectionPad.uasset" 254
"../../../Engine/Content/MobileResources/HUD/MobileHUDDirectionPad2.uasset" 255
"../../../Engine/Content/MobileResources/HUD/MobileHUDDirectionPad3.uasset" 256
"../../../Engine/Content/MobileResources/HUD/MobileHUDDirectionStick.uasset" 257
"../../../Engine/Content/MobileResources/HUD/T_Castle_ThumbstickInner.uasset" 258
"../../../Engine/Content/MobileResources/HUD/T_Castle_ThumbstickOutter.uasset" 259
"../../../Engine/Content/Tutorial/ContentIntroCurve.uasset" 260
"../../../Engine/Content/Tutorial/Basics/LevelEditorAttract.uasset" 261
"../../../Engine/Content/Tutorial/Basics/TutorialAssets/icon_tab_Levels_40x.uasset" 262
"../../../Engine/Content/Tutorial/Basics/LevelEditorOverview.uasset" 263
"../../../Engine/Content/VREditor/LaserPointer/VR_LaserPower_01.uasset" 264
"../../../Engine/Content/VREditor/TransformGizmo/TransformGizmoMaterial.uasset" 265
"../../../Engine/Content/VREditor/TransformGizmo/TranslucentTransformGizmoMaterial.uasset" 266
"../../../Engine/Content/VREditor/TransformGizmo/BoundingBoxCorner.uasset" 267
"../../../Engine/Content/VREditor/TransformGizmo/BoundingBoxEdge.uasset" 268
"../../../Engine/Content/VREditor/TransformGizmo/PlaneTranslationHandle.uasset" 269
"../../../Engine/Content/VREditor/TransformGizmo/Main.uasset" 270
"../../../Engine/Content/VREditor/TransformGizmo/Xray.uasset" 271
"../../../Engine/Content/VREditor/TransformGizmo/SM_Sequencer_Key.uasset" 272
"../../../Engine/Content/VREditor/TransformGizmo/SM_Sequencer_Node.uasset" 273
"../../Plugins/2D/Paper2D/Content/PlaceholderTextures/DummySpriteTexture.uasset" 274
"../../Plugins/2D/Paper2D/Content/DummySprite.uasset" 275
"../../Plugins/2D/Paper2D/Content/DefaultPaperTerrainMaterial.uasset" 276
"../../Plugins/2D/Paper2D/Content/DefaultSpriteMaterial.uasset" 277
"../../Plugins/2D/Paper2D/Content/MaskedUnlitSpriteMaterial.uasset" 278
"../../Plugins/2D/Paper2D/Content/OpaqueUnlitSpriteMaterial.uasset" 279
"../../Plugins/FX/Niagara/Content/Enums/ENiagaraBooleanLogicOps.uasset" 280
"../../Plugins/FX/Niagara/Content/Enums/ENiagaraCoordinateSpace.uasset" 281
"../../Plugins/FX/Niagara/Content/Enums/ENiagaraExpansionMode.uasset" 282
"../../Plugins/FX/Niagara/Content/Enums/ENiagaraOrientationAxis.uasset" 283
"../../Plugins/FX/Niagara/Content/Enums/ENiagaraRandomnessMode.uasset" 284
"../../../Engine/Content/Functions/Engine_MaterialFunctions02/Utility/BreakOutFloat4Components.uasset" 285
"../../../Engine/Content/Functions/Engine_MaterialFunctions02/Utility/MakeFloat2.uasset" 286
"../../../Engine/Content/Functions/Engine_MaterialFunctions02/Utility/MakeFloat3.uasset" 287
"../../Plugins/Runtime/Oculus/OculusVR/Content/Materials/OculusMR_ChromaKey.uasset" 288
"../../Plugins/Runtime/Oculus/OculusVR/Content/Materials/OculusMR_ChromaKey_Lit.uasset" 289
"../../Plugins/Runtime/Oculus/OculusVR/Content/Materials/OculusMR_OpaqueColoredMaterial.uasset" 290
"../../Plugins/Runtime/Oculus/OculusVR/Content/Materials/OculusMR_WhiteMaterial.uasset" 291
"../../../../../../UnrealProjects/EscapeRoomPuzzle/Content/AdvancedMagicFX12/Materials/M_ky_empty.uasset" 292
"../../../Engine/Content/EngineResources/DefaultTexture.uasset" 293
"../../../../../../UnrealProjects/EscapeRoomPuzzle/Content/AdvancedMagicFX12/Textures/T_ky_maskRGB3.uasset" 294
"../../../../../../UnrealProjects/EscapeRoomPuzzle/Content/AdvancedMagicFX12/Materials/Mfunction/MF_ky_addHilight.uasset" 295
"../../../../../../UnrealProjects/EscapeRoomPuzzle/Content/AdvancedMagicFX12/Textures/T_ky_noise16.uasset" 296
"../../../../../../UnrealProjects/EscapeRoomPuzzle/Content/AdvancedMagicFX12/Textures/T_ky_noise4.uasset" 297
"../../../../../../UnrealProjects/EscapeRoomPuzzle/Content/AdvancedMagicFX12/Materials/M_ky_aura14.uasset" 298
"../../../../../../UnrealProjects/EscapeRoomPuzzle/Content/AdvancedMagicFX12/Materials/MI_ky_aura14_fire.uasset" 299
"../../../../../../UnrealProjects/EscapeRoomPuzzle/Content/AdvancedMagicFX12/Materials/MI_ky_aura14_fireB_nonD.uasset" 300
"../../../Engine/Content/Functions/Engine_MaterialFunctions01/Density/ExponentialDensity.uasset" 301
"../../../Engine/Content/Functions/Engine_MaterialFunctions01/Gradient/RadialGradientExponential.uasset" 302
"../../../../../../UnrealProjects/EscapeRoomPuzzle/Content/AdvancedMagicFX12/Textures/T_ky_noise3.uasset" 303
"../../../../../../UnrealProjects/EscapeRoomPuzzle/Content/AdvancedMagicFX12/Materials/M_ky_dynDust.uasset" 304
"../../../../../../UnrealProjects/EscapeRoomPuzzle/Content/AdvancedMagicFX12/Textures/T_ky_smoke2.uasset" 305
"../../../../../../UnrealProjects/EscapeRoomPuzzle/Content/AdvancedMagicFX12/Materials/MI_ky_dynDust.uasset" 306
"../../../../../../UnrealProjects/EscapeRoomPuzzle/Content/AdvancedMagicFX12/Meshes/SM_ky_circle_midpoly.uasset" 307
"../../../../../../UnrealProjects/EscapeRoomPuzzle/Content/AdvancedMagicFX12/Meshes/SM_ky_sphereHarf03.uasset" 308
"../../../../../../UnrealProjects/EscapeRoomPuzzle/Content/AdvancedMagicFX12/particles/P_ky_aura_fire.uasset" 309
"../../../../../../UnrealProjects/EscapeRoomPuzzle/Content/AdvancedMagicFX12/Blueprints/BP_ky_aura_fire.uasset" 310
"../../../../../../UnrealProjects/EscapeRoomPuzzle/Content/Materials/Note_M.uasset" 311
"../../../Engine/Content/BasicShapes/Cube.uasset" 312
"../../../../../../UnrealProjects/EscapeRoomPuzzle/Content/Blueprints/Note_BP.uasset" 313
"../../../../../../UnrealProjects/EscapeRoomPuzzle/Content/Blueprints/Objective_BP.uasset" 314
"../../../../../../UnrealProjects/EscapeRoomPuzzle/Content/ModularFantasyHouse/Meshes/Props/SM_Bag.uasset" 315
"../../../../../../UnrealProjects/EscapeRoomPuzzle/Content/ModularFantasyHouse/Meshes/Props/Temp_SM_Bag_Blueprint.uasset" 316
"../../../../../../UnrealProjects/EscapeRoomPuzzle/Content/Blueprints/GameOver_Widget.uasset" 317
"../../../../../../UnrealProjects/EscapeRoomPuzzle/Content/ModularFantasyHouse/Textures/T_Door_1_a.uasset" 318
"../../../../../../UnrealProjects/EscapeRoomPuzzle/Content/ModularFantasyHouse/Textures/T_Door_1_AO_R_M.uasset" 319
"../../../../../../UnrealProjects/EscapeRoomPuzzle/Content/ModularFantasyHouse/Textures/T_Door_1_n.uasset" 320
"../../../../../../UnrealProjects/EscapeRoomPuzzle/Content/ModularFantasyHouse/Materials/M_Door_1.uasset" 321
"../../../../../../UnrealProjects/EscapeRoomPuzzle/Content/ModularFantasyHouse/Meshes/SM_Door_1.uasset" 322
"../../../../../../UnrealProjects/EscapeRoomPuzzle/Content/ModularFantasyHouse/Meshes/SM_Door_5_Blueprint.uasset" 323
"../../../../../../UnrealProjects/EscapeRoomPuzzle/Content/Maps/GameMap_BuiltData.uasset" 324
"../../../Engine/Content/EditorMaterials/Thumbnails/SkySphereMaterial.uasset" 325
"../../../Engine/Content/EditorMeshes/EditorSkySphere.uasset" 326
"../../../../../../UnrealProjects/EscapeRoomPuzzle/Content/IDA_Music_Pack/Wavs/WAV_IDA_-_Postive_Event_Loop.uasset" 327
"../../../../../../UnrealProjects/EscapeRoomPuzzle/Content/IDA_Music_Pack/Cues/CUE_IDA_-_Postive_Event_Loop_Cue.uasset" 328
"../../../../../../UnrealProjects/EscapeRoomPuzzle/Content/ModularFantasyHouse/Meshes/Props/SM_Bags.uasset" 329
"../../../../../../UnrealProjects/EscapeRoomPuzzle/Content/ModularFantasyHouse/Meshes/Props/SM_Bale.uasset" 330
"../../../../../../UnrealProjects/EscapeRoomPuzzle/Content/ModularFantasyHouse/Textures/T_Barrel_Big_a.uasset" 331
"../../../../../../UnrealProjects/EscapeRoomPuzzle/Content/ModularFantasyHouse/Textures/T_Barrel_Big_AO_R_M.uasset" 332
"../../../../../../UnrealProjects/EscapeRoomPuzzle/Content/ModularFantasyHouse/Textures/T_Barrel_Big_n.uasset" 333
"../../../../../../UnrealProjects/EscapeRoomPuzzle/Content/ModularFantasyHouse/Materials/MI_Barrel_Big.uasset" 334
"../../../../../../UnrealProjects/EscapeRoomPuzzle/Content/ModularFantasyHouse/Meshes/Props/SM_Barrel_Big.uasset" 335
"../../../../../../UnrealProjects/EscapeRoomPuzzle/Content/ModularFantasyHouse/Textures/T_Wooden_Barrels_and_Boxes_a.uasset" 336
"../../../../../../UnrealProjects/EscapeRoomPuzzle/Content/ModularFantasyHouse/Textures/T_Wooden_Barrels_and_Boxes_AO_R_M.uasset" 337
"../../../../../../UnrealProjects/EscapeRoomPuzzle/Content/ModularFantasyHouse/Textures/T_Wooden_Barrels_and_Boxes_n.uasset" 338
"../../../../../../UnrealProjects/EscapeRoomPuzzle/Content/ModularFantasyHouse/Materials/MI_Barrels_and_Boxes.uasset" 339
"../../../../../../UnrealProjects/EscapeRoomPuzzle/Content/ModularFantasyHouse/Meshes/Props/SM_Barrel_opened.uasset" 340
"../../../../../../UnrealProjects/EscapeRoomPuzzle/Content/ModularFantasyHouse/Textures/T_Bed_A.uasset" 341
"../../../../../../UnrealProjects/EscapeRoomPuzzle/Content/ModularFantasyHouse/Textures/T_Bed_AO_R_M.uasset" 342
"../../../../../../UnrealProjects/EscapeRoomPuzzle/Content/ModularFantasyHouse/Textures/T_Bed_N.uasset" 343
"../../../../../../UnrealProjects/EscapeRoomPuzzle/Content/ModularFantasyHouse/Materials/MI_Bed.uasset" 344
"../../../../../../UnrealProjects/EscapeRoomPuzzle/Content/ModularFantasyHouse/Meshes/Props/SM_Bed.uasset" 345
"../../../../../../UnrealProjects/EscapeRoomPuzzle/Content/ModularFantasyHouse/Textures/T_Tables_and_Chairs_A.uasset" 346
"../../../../../../UnrealProjects/EscapeRoomPuzzle/Content/ModularFantasyHouse/Textures/T_Tables_and_Chairs_AO_R_M.uasset" 347
"../../../../../../UnrealProjects/EscapeRoomPuzzle/Content/ModularFantasyHouse/Textures/T_Tables_and_Chairs_N.uasset" 348
"../../../../../../UnrealProjects/EscapeRoomPuzzle/Content/ModularFantasyHouse/Materials/MI_Tables_and_Chairs.uasset" 349
"../../../../../../UnrealProjects/EscapeRoomPuzzle/Content/ModularFantasyHouse/Meshes/Props/SM_Bench.uasset" 350
"../../../../../../UnrealProjects/EscapeRoomPuzzle/Content/ModularFantasyHouse/Textures/T_Tableware_A.uasset" 351
"../../../../../../UnrealProjects/EscapeRoomPuzzle/Content/ModularFantasyHouse/Textures/T_Tableware_AO_R_M.uasset" 352
"../../../../../../UnrealProjects/EscapeRoomPuzzle/Content/ModularFantasyHouse/Textures/T_Tableware_N.uasset" 353
"../../../../../../UnrealProjects/EscapeRoomPuzzle/Content/ModularFantasyHouse/Materials/MI_Tableware.uasset" 354
"../../../../../../UnrealProjects/EscapeRoomPuzzle/Content/ModularFantasyHouse/Meshes/Props/SM_Bottle_1.uasset" 355
"../../../../../../UnrealProjects/EscapeRoomPuzzle/Content/ModularFantasyHouse/Meshes/Props/SM_Bottle_2.uasset" 356
"../../../../../../UnrealProjects/EscapeRoomPuzzle/Content/ModularFantasyHouse/Meshes/Props/SM_Bottle_3.uasset" 357
"../../../../../../UnrealProjects/EscapeRoomPuzzle/Content/ModularFantasyHouse/Meshes/Props/SM_Bucket_1.uasset" 358
"../../../../../../UnrealProjects/EscapeRoomPuzzle/Content/ModularFantasyHouse/Meshes/Props/SM_Bucket_2.uasset" 359
"../../../../../../UnrealProjects/EscapeRoomPuzzle/Content/ModularFantasyHouse/Meshes/Props/SM_Candle_1.uasset" 360
"../../../../../../UnrealProjects/EscapeRoomPuzzle/Content/ModularFantasyHouse/Meshes/Props/SM_Candle_2.uasset" 361
"../../../../../../UnrealProjects/EscapeRoomPuzzle/Content/ModularFantasyHouse/Meshes/Props/SM_Chair_1.uasset" 362
"../../../../../../UnrealProjects/EscapeRoomPuzzle/Content/ModularFantasyHouse/Textures/T_Fireplace_A.uasset" 363
"../../../../../../UnrealProjects/EscapeRoomPuzzle/Content/ModularFantasyHouse/Textures/T_Fireplace_AO_R_M.uasset" 364
"../../../../../../UnrealProjects/EscapeRoomPuzzle/Content/ModularFantasyHouse/Textures/T_Fireplace_N.uasset" 365
"../../../../../../UnrealProjects/EscapeRoomPuzzle/Content/ModularFantasyHouse/Materials/MI_Fireplace.uasset" 366
"../../../../../../UnrealProjects/EscapeRoomPuzzle/Content/ModularFantasyHouse/Meshes/Props/SM_Fireplace.uasset" 367
"../../../../../../UnrealProjects/EscapeRoomPuzzle/Content/ModularFantasyHouse/Textures/T_House_Fireplace_A.uasset" 368
"../../../../../../UnrealProjects/EscapeRoomPuzzle/Content/ModularFantasyHouse/Textures/T_House_Fireplace_AO_R_M.uasset" 369
"../../../../../../UnrealProjects/EscapeRoomPuzzle/Content/ModularFantasyHouse/Textures/T_House_Fireplace_N.uasset" 370
"../../../../../../UnrealProjects/EscapeRoomPuzzle/Content/ModularFantasyHouse/Materials/MI_House_Fireplace.uasset" 371
"../../../../../../UnrealProjects/EscapeRoomPuzzle/Content/ModularFantasyHouse/Meshes/Props/SM_House_Fireplace.uasset" 372
"../../../../../../UnrealProjects/EscapeRoomPuzzle/Content/ModularFantasyHouse/Meshes/Props/SM_House_Fireplace_Second_Floor.uasset" 373
"../../../../../../UnrealProjects/EscapeRoomPuzzle/Content/ModularFantasyHouse/Meshes/Props/SM_House_Fireplace_Top_Part.uasset" 374
"../../../../../../UnrealProjects/EscapeRoomPuzzle/Content/ModularFantasyHouse/Meshes/Props/SM_Knife.uasset" 375
"../../../../../../UnrealProjects/EscapeRoomPuzzle/Content/ModularFantasyHouse/Textures/T_Lamp_A.uasset" 376
"../../../../../../UnrealProjects/EscapeRoomPuzzle/Content/ModularFantasyHouse/Textures/T_Lamp_AO_R_M.uasset" 377
"../../../../../../UnrealProjects/EscapeRoomPuzzle/Content/ModularFantasyHouse/Textures/T_Lamp_N.uasset" 378
"../../../../../../UnrealProjects/EscapeRoomPuzzle/Content/ModularFantasyHouse/Materials/MI_Lamp.uasset" 379
"../../../../../../UnrealProjects/EscapeRoomPuzzle/Content/ModularFantasyHouse/Meshes/Props/SM_Lamp_Pillar.uasset" 380
"../../../../../../UnrealProjects/EscapeRoomPuzzle/Content/ModularFantasyHouse/Meshes/Props/SM_Lamp_Wall.uasset" 381
"../../../../../../UnrealProjects/EscapeRoomPuzzle/Content/ModularFantasyHouse/Meshes/Props/SM_Metal_Cup.uasset" 382
"../../../../../../UnrealProjects/EscapeRoomPuzzle/Content/ModularFantasyHouse/Meshes/Props/SM_Metal_Goblet.uasset" 383
"../../../../../../UnrealProjects/EscapeRoomPuzzle/Content/ModularFantasyHouse/Meshes/Props/SM_Metal_Goblet_2.uasset" 384
"../../../../../../UnrealProjects/EscapeRoomPuzzle/Content/ModularFantasyHouse/Meshes/Props/SM_Metal_Plate.uasset" 385
"../../../../../../UnrealProjects/EscapeRoomPuzzle/Content/ModularFantasyHouse/Textures/T_Shelfs_and_Boxes_A.uasset" 386
"../../../../../../UnrealProjects/EscapeRoomPuzzle/Content/ModularFantasyHouse/Textures/T_Shelfs_and_Boxes_AO_R_M.uasset" 387
"../../../../../../UnrealProjects/EscapeRoomPuzzle/Content/ModularFantasyHouse/Textures/T_Shelfs_and_Boxes_N.uasset" 388
"../../../../../../UnrealProjects/EscapeRoomPuzzle/Content/ModularFantasyHouse/Materials/MI_Shelfs_and_Boxes.uasset" 389
"../../../../../../UnrealProjects/EscapeRoomPuzzle/Content/ModularFantasyHouse/Meshes/Props/SM_Shelf.uasset" 390
"../../../../../../UnrealProjects/EscapeRoomPuzzle/Content/ModularFantasyHouse/Meshes/Props/SM_Spoon.uasset" 391
"../../../../../../UnrealProjects/EscapeRoomPuzzle/Content/ModularFantasyHouse/Meshes/Props/SM_Table_1.uasset" 392
"../../../../../../UnrealProjects/EscapeRoomPuzzle/Content/ModularFantasyHouse/Meshes/Props/SM_Table_2.uasset" 393
"../../../../../../UnrealProjects/EscapeRoomPuzzle/Content/ModularFantasyHouse/Meshes/Props/SM_Wall_Shelf.uasset" 394
"../../../../../../UnrealProjects/EscapeRoomPuzzle/Content/ModularFantasyHouse/Meshes/Props/SM_Wooden_box.uasset" 395
"../../../../../../UnrealProjects/EscapeRoomPuzzle/Content/ModularFantasyHouse/Meshes/Props/SM_Wooden_box_3.uasset" 396
"../../../../../../UnrealProjects/EscapeRoomPuzzle/Content/ModularFantasyHouse/Meshes/Props/SM_Wooden_Plate.uasset" 397
"../../../../../../UnrealProjects/EscapeRoomPuzzle/Content/ModularFantasyHouse/Meshes/Props/SM_Wooden_Plate_2.uasset" 398
"../../../../../../UnrealProjects/EscapeRoomPuzzle/Content/ModularFantasyHouse/Textures/T_House_A.uasset" 399
"../../../../../../UnrealProjects/EscapeRoomPuzzle/Content/ModularFantasyHouse/Textures/T_House_N.uasset" 400
"../../../../../../UnrealProjects/EscapeRoomPuzzle/Content/ModularFantasyHouse/Textures/T_House_R.uasset" 401
"../../../../../../UnrealProjects/EscapeRoomPuzzle/Content/ModularFantasyHouse/Materials/M_House.uasset" 402
"../../../../../../UnrealProjects/EscapeRoomPuzzle/Content/ModularFantasyHouse/Meshes/SM_Ceiling_3x3m_v3.uasset" 403
"../../../../../../UnrealProjects/EscapeRoomPuzzle/Content/ModularFantasyHouse/Meshes/SM_Ceiling_extruded_second_floor_3x1m.uasset" 404
"../../../../../../UnrealProjects/EscapeRoomPuzzle/Content/ModularFantasyHouse/Textures/T_Sculpted_part_a.uasset" 405
"../../../../../../UnrealProjects/EscapeRoomPuzzle/Content/ModularFantasyHouse/Textures/T_Sculpted_part_n.uasset" 406
"../../../../../../UnrealProjects/EscapeRoomPuzzle/Content/ModularFantasyHouse/Textures/T_Sculpted_part_R.uasset" 407
"../../../../../../UnrealProjects/EscapeRoomPuzzle/Content/ModularFantasyHouse/Materials/M_Sculpted_Part.uasset" 408
"../../../../../../UnrealProjects/EscapeRoomPuzzle/Content/ModularFantasyHouse/Meshes/SM_Corner_Bricks.uasset" 409
"../../../../../../UnrealProjects/EscapeRoomPuzzle/Content/ModularFantasyHouse/Textures/T_Door_2_a.uasset" 410
"../../../../../../UnrealProjects/EscapeRoomPuzzle/Content/ModularFantasyHouse/Textures/T_Door_2_AO_R_M.uasset" 411
"../../../../../../UnrealProjects/EscapeRoomPuzzle/Content/ModularFantasyHouse/Textures/T_Door_2_N.uasset" 412
"../../../../../../UnrealProjects/EscapeRoomPuzzle/Content/ModularFantasyHouse/Materials/M_Door_2.uasset" 413
"../../../../../../UnrealProjects/EscapeRoomPuzzle/Content/ModularFantasyHouse/Meshes/SM_Door_2.uasset" 414
"../../../../../../UnrealProjects/EscapeRoomPuzzle/Content/ModularFantasyHouse/Meshes/SM_Roof_Bottom_Left.uasset" 415
"../../../../../../UnrealProjects/EscapeRoomPuzzle/Content/ModularFantasyHouse/Meshes/SM_Roof_Bottom_Middle_Left.uasset" 416
"../../../../../../UnrealProjects/EscapeRoomPuzzle/Content/ModularFantasyHouse/Meshes/SM_Roof_Bottom_Middle_Right.uasset" 417
"../../../../../../UnrealProjects/EscapeRoomPuzzle/Content/ModularFantasyHouse/Meshes/SM_Roof_Bottom_Right.uasset" 418
"../../../../../../UnrealProjects/EscapeRoomPuzzle/Content/ModularFantasyHouse/Meshes/SM_Roof_Top.uasset" 419
"../../../../../../UnrealProjects/EscapeRoomPuzzle/Content/ModularFantasyHouse/Meshes/SM_Roof_Top_middle.uasset" 420
"../../../../../../UnrealProjects/EscapeRoomPuzzle/Content/ModularFantasyHouse/Meshes/SM_Stairs_2.uasset" 421
"../../../../../../UnrealProjects/EscapeRoomPuzzle/Content/ModularFantasyHouse/Meshes/SM_Wall_Stone.uasset" 422
"../../../../../../UnrealProjects/EscapeRoomPuzzle/Content/ModularFantasyHouse/Meshes/SM_Wall_Stone_Door_with_Hingles.uasset" 423
"../../../../../../UnrealProjects/EscapeRoomPuzzle/Content/ModularFantasyHouse/Meshes/SM_Wall_Wood_Planks_1m_v2_1.uasset" 424
"../../../../../../UnrealProjects/EscapeRoomPuzzle/Content/ModularFantasyHouse/Meshes/SM_Wall_Wood_Planks_Door.uasset" 425
"../../../../../../UnrealProjects/EscapeRoomPuzzle/Content/ModularFantasyHouse/Meshes/SM_Wall_Wood_Planks_v1_1.uasset" 426
"../../../../../../UnrealProjects/EscapeRoomPuzzle/Content/ModularFantasyHouse/Meshes/SM_Wall_Wood_Planks_v2.uasset" 427
"../../../../../../UnrealProjects/EscapeRoomPuzzle/Content/ModularFantasyHouse/Meshes/SM_Wall_Wood_Planks_v4_1.uasset" 428
"../../../../../../UnrealProjects/EscapeRoomPuzzle/Content/ModularFantasyHouse/Textures/T_Windows_a.uasset" 429
"../../../../../../UnrealProjects/EscapeRoomPuzzle/Content/ModularFantasyHouse/Textures/T_Windows_AO_R_M.uasset" 430
"../../../../../../UnrealProjects/EscapeRoomPuzzle/Content/ModularFantasyHouse/Textures/T_Windows_n.uasset" 431
"../../../../../../UnrealProjects/EscapeRoomPuzzle/Content/ModularFantasyHouse/Materials/M_Window_glass.uasset" 432
"../../../../../../UnrealProjects/EscapeRoomPuzzle/Content/ModularFantasyHouse/Materials/M_Windows.uasset" 433
"../../../../../../UnrealProjects/EscapeRoomPuzzle/Content/ModularFantasyHouse/Meshes/SM_Wall_Wood_Planks_Window_v1.uasset" 434
"../../../../../../UnrealProjects/EscapeRoomPuzzle/Content/ModularFantasyHouse/Meshes/SM_Wall_Wood_Planks_Window_v1_1.uasset" 435
"../../../../../../UnrealProjects/EscapeRoomPuzzle/Content/ModularFantasyHouse/Meshes/SM_Wall_Wood_Planks_Window_v2.uasset" 436
"../../../../../../UnrealProjects/EscapeRoomPuzzle/Content/ModularFantasyHouse/Meshes/SM_Wood_Beam_1m.uasset" 437
"../../../../../../UnrealProjects/EscapeRoomPuzzle/Content/ModularFantasyHouse/Meshes/SM_Wood_Beam_3m.uasset" 438
"../../../../../../UnrealProjects/EscapeRoomPuzzle/Content/ModularFantasyHouse/Meshes/SM_Wood_beam_ceiling_1m.uasset" 439
"../../../../../../UnrealProjects/EscapeRoomPuzzle/Content/ModularFantasyHouse/Meshes/SM_Wood_beam_ceiling_3m.uasset" 440
"../../../../../../UnrealProjects/EscapeRoomPuzzle/Content/StarterContent/Audio/Fire01.uasset" 441
"../../../../../../UnrealProjects/EscapeRoomPuzzle/Content/StarterContent/Audio/Fire01_Cue.uasset" 442
"../../../../../../UnrealProjects/EscapeRoomPuzzle/Content/Maps/GameMap.umap" 443
"../../../../../../UnrealProjects/EscapeRoomPuzzle/Content/Blueprints/MainMenu/Widgets/Main.uasset" 444
"../../../../../../UnrealProjects/EscapeRoomPuzzle/Content/Blueprints/MainMenu/BP_Menu.uasset" 445
"../../../../../../UnrealProjects/EscapeRoomPuzzle/Content/Maps/MainMenu_BuiltData.uasset" 446
"../../../../../../UnrealProjects/EscapeRoomPuzzle/Content/Blueprints/MainMenu/Widgets/Button_Widget.uasset" 447
"../../../../../../UnrealProjects/EscapeRoomPuzzle/Content/Blueprints/MainMenu/Widgets/MainMenu.uasset" 448
"../../../../../../UnrealProjects/EscapeRoomPuzzle/Content/Blueprints/MainMenu/Widgets/Tutorials.uasset" 449
"../../../../../../UnrealProjects/EscapeRoomPuzzle/Content/IDA_Music_Pack/Wavs/WAV_IDA_-_Main_Theme_Loop.uasset" 450
"../../../../../../UnrealProjects/EscapeRoomPuzzle/Content/IDA_Music_Pack/Cues/CUE_IDA_-_Main_Theme_Loop_Cue.uasset" 451
"../../../../../../UnrealProjects/EscapeRoomPuzzle/Content/ModularFantasyHouse/Meshes/Props/SM_Barrel.uasset" 452
"../../../../../../UnrealProjects/EscapeRoomPuzzle/Content/ModularFantasyHouse/Meshes/Props/SM_Stool.uasset" 453
"../../../../../../UnrealProjects/EscapeRoomPuzzle/Content/ModularFantasyHouse/Meshes/Props/SM_Wooden_box_2.uasset" 454
"../../../../../../UnrealProjects/EscapeRoomPuzzle/Content/ModularFantasyHouse/Meshes/SM_Bottom_Block_3m.uasset" 455
"../../../../../../UnrealProjects/EscapeRoomPuzzle/Content/ModularFantasyHouse/Meshes/SM_Bottom_Block_50x50cm.uasset" 456
"../../../../../../UnrealProjects/EscapeRoomPuzzle/Content/ModularFantasyHouse/Meshes/SM_Ceiling_3x3m_v2.uasset" 457
"../../../../../../UnrealProjects/EscapeRoomPuzzle/Content/ModularFantasyHouse/Meshes/SM_Fence_House_1m.uasset" 458
"../../../../../../UnrealProjects/EscapeRoomPuzzle/Content/ModularFantasyHouse/Meshes/SM_Fence_House_2m.uasset" 459
"../../../../../../UnrealProjects/EscapeRoomPuzzle/Content/ModularFantasyHouse/Meshes/SM_Fence_House_3m_1.uasset" 460
"../../../../../../UnrealProjects/EscapeRoomPuzzle/Content/ModularFantasyHouse/Meshes/SM_Floor_Wood_3x3m.uasset" 461
"../../../../../../UnrealProjects/EscapeRoomPuzzle/Content/ModularFantasyHouse/Meshes/SM_Roof_Bottom_Left_2m.uasset" 462
"../../../../../../UnrealProjects/EscapeRoomPuzzle/Content/ModularFantasyHouse/Meshes/SM_Roof_Bottom_Right_2m.uasset" 463
"../../../../../../UnrealProjects/EscapeRoomPuzzle/Content/ModularFantasyHouse/Meshes/SM_Roof_Top_Beam_1m.uasset" 464
"../../../../../../UnrealProjects/EscapeRoomPuzzle/Content/ModularFantasyHouse/Meshes/SM_Roof_Top_Beam_2_7m.uasset" 465
"../../../../../../UnrealProjects/EscapeRoomPuzzle/Content/ModularFantasyHouse/Meshes/SM_Roof_Top_Beam_3m.uasset" 466
"../../../../../../UnrealProjects/EscapeRoomPuzzle/Content/ModularFantasyHouse/Meshes/SM_Stairs.uasset" 467
"../../../../../../UnrealProjects/EscapeRoomPuzzle/Content/ModularFantasyHouse/Meshes/SM_Support_for_the_second_floor.uasset" 468
"../../../../../../UnrealProjects/EscapeRoomPuzzle/Content/ModularFantasyHouse/Meshes/SM_Wall_Stone_Window_v1.uasset" 469
"../../../../../../UnrealProjects/EscapeRoomPuzzle/Content/ModularFantasyHouse/Meshes/SM_Wall_Wood_Planks_1m_v1.uasset" 470
"../../../../../../UnrealProjects/EscapeRoomPuzzle/Content/ModularFantasyHouse/Meshes/SM_Wall_Wood_Planks_1m_v2.uasset" 471
"../../../../../../UnrealProjects/EscapeRoomPuzzle/Content/ModularFantasyHouse/Meshes/SM_Wall_Wood_Planks_v1.uasset" 472
"../../../../../../UnrealProjects/EscapeRoomPuzzle/Content/ModularFantasyHouse/Meshes/SM_Wood_Beam_3m_v1.uasset" 473
"../../../../../../UnrealProjects/EscapeRoomPuzzle/Content/Maps/MainMenu.umap" 474
"../../../../../../UnrealProjects/EscapeRoomPuzzle/Content/AdvancedMagicFX12/Materials/M_ky_trail_sword_attribute.uasset" 475
"../../../../../../UnrealProjects/EscapeRoomPuzzle/Content/AdvancedMagicFX12/Materials/MI_ky_trail_sword_dark.uasset" 476
"../../../../../../UnrealProjects/EscapeRoomPuzzle/Content/AdvancedMagicFX12/Particles/P_ky_trail_dark.uasset" 477
"../../../../../../UnrealProjects/EscapeRoomPuzzle/Content/AdvancedMagicFX12/Materials/MI_ky_dynDust2.uasset" 478
"../../../../../../UnrealProjects/EscapeRoomPuzzle/Content/AdvancedMagicFX12/Particles/P_ky_trail_darkDust.uasset" 479
"../../../../../../UnrealProjects/EscapeRoomPuzzle/Content/AdvancedMagicFX12/Animations/AS_sword_dark.uasset" 480
"../../../../../../UnrealProjects/EscapeRoomPuzzle/Content/AdvancedMagicFX12/Materials/MI_ky_trail_sword_fire.uasset" 481
"../../../../../../UnrealProjects/EscapeRoomPuzzle/Content/AdvancedMagicFX12/Particles/P_ky_trail_fire.uasset" 482
"../../../../../../UnrealProjects/EscapeRoomPuzzle/Content/AdvancedMagicFX12/Particles/P_ky_trail_fireDust.uasset" 483
"../../../../../../UnrealProjects/EscapeRoomPuzzle/Content/AdvancedMagicFX12/Animations/AS_sword_fire.uasset" 484
"../../../../../../UnrealProjects/EscapeRoomPuzzle/Content/AdvancedMagicFX12/Materials/MI_ky_trail_sword_ice.uasset" 485
"../../../../../../UnrealProjects/EscapeRoomPuzzle/Content/AdvancedMagicFX12/Particles/P_ky_trail_ice.uasset" 486
"../../../Engine/Content/Functions/Engine_MaterialFunctions01/Gradient/DiamondGradient.uasset" 487
"../../../Engine/Content/EngineMaterials/BlendFunc_DefBase.uasset" 488
"../../../Engine/Content/EngineMaterials/BlendFunc_DefBlend.uasset" 489
"../../../Engine/Content/Functions/Engine_MaterialFunctions03/Blends/Blend_Screen.uasset" 490
"../../../../../../UnrealProjects/EscapeRoomPuzzle/Content/AdvancedMagicFX12/Textures/T_ky_dust_longStar.uasset" 491
"../../../../../../UnrealProjects/EscapeRoomPuzzle/Content/AdvancedMagicFX12/Materials/M_ky_starDust.uasset" 492
"../../../../../../UnrealProjects/EscapeRoomPuzzle/Content/AdvancedMagicFX12/Materials/MI_ky_starDust_sq.uasset" 493
"../../../../../../UnrealProjects/EscapeRoomPuzzle/Content/AdvancedMagicFX12/Textures/T_ky_dist_noise.uasset" 494
"../../../../../../UnrealProjects/EscapeRoomPuzzle/Content/AdvancedMagicFX12/Textures/T_ky_smoke_kai.uasset" 495
"../../../../../../UnrealProjects/EscapeRoomPuzzle/Content/AdvancedMagicFX12/Materials/M_ky_base_turbulence.uasset" 496
"../../../../../../UnrealProjects/EscapeRoomPuzzle/Content/AdvancedMagicFX12/Materials/MI_ky_turbulence_smoke2d_trs.uasset" 497
"../../../../../../UnrealProjects/EscapeRoomPuzzle/Content/AdvancedMagicFX12/Particles/P_ky_trail_iceDust.uasset" 498
"../../../../../../UnrealProjects/EscapeRoomPuzzle/Content/AdvancedMagicFX12/Animations/AS_sword_ice.uasset" 499
"../../../../../../UnrealProjects/EscapeRoomPuzzle/Content/AdvancedMagicFX12/Animations/AS_sword_primitive.uasset" 500
"../../../../../../UnrealProjects/EscapeRoomPuzzle/Content/AdvancedMagicFX12/Materials/M_ky_trail_sword.uasset" 501
"../../../../../../UnrealProjects/EscapeRoomPuzzle/Content/AdvancedMagicFX12/Particles/P_ky_trail_primitive2.uasset" 502
"../../../../../../UnrealProjects/EscapeRoomPuzzle/Content/AdvancedMagicFX12/Animations/AS_sword_primitive2.uasset" 503
"../../../../../../UnrealProjects/EscapeRoomPuzzle/Content/AdvancedMagicFX12/Materials/MI_ky_trail_sword_shine.uasset" 504
"../../../../../../UnrealProjects/EscapeRoomPuzzle/Content/AdvancedMagicFX12/Particles/P_ky_trail_shine.uasset" 505
"../../../../../../UnrealProjects/EscapeRoomPuzzle/Content/AdvancedMagicFX12/Materials/MI_ky_starDust_dis.uasset" 506
"../../../../../../UnrealProjects/EscapeRoomPuzzle/Content/AdvancedMagicFX12/Particles/P_ky_trail_shineDust.uasset" 507
"../../../../../../UnrealProjects/EscapeRoomPuzzle/Content/AdvancedMagicFX12/Animations/AS_sword_shine.uasset" 508
"../../../../../../UnrealProjects/EscapeRoomPuzzle/Content/AdvancedMagicFX12/Materials/MI_ky_trail_sword_thunder.uasset" 509
"../../../../../../UnrealProjects/EscapeRoomPuzzle/Content/AdvancedMagicFX12/Particles/P_ky_trail_thunder.uasset" 510
"../../../Engine/Content/Functions/Engine_MaterialFunctions02/Fresnel_Function.uasset" 511
"../../../../../../UnrealProjects/EscapeRoomPuzzle/Content/AdvancedMagicFX12/Textures/T_ky_noise5.uasset" 512
"../../../../../../UnrealProjects/EscapeRoomPuzzle/Content/AdvancedMagicFX12/Textures/T_ky_sourceCircle01.uasset" 513
"../../../../../../UnrealProjects/EscapeRoomPuzzle/Content/AdvancedMagicFX12/Materials/M_ky_turbDust.uasset" 514
"../../../../../../UnrealProjects/EscapeRoomPuzzle/Content/AdvancedMagicFX12/Textures/T_ky_deco_doom.uasset" 515
"../../../../../../UnrealProjects/EscapeRoomPuzzle/Content/AdvancedMagicFX12/Materials/MI_ky_turbDust6.uasset" 516
"../../../../../../UnrealProjects/EscapeRoomPuzzle/Content/AdvancedMagicFX12/Particles/P_ky_trail_thunderDust.uasset" 517
"../../../../../../UnrealProjects/EscapeRoomPuzzle/Content/AdvancedMagicFX12/Animations/AS_sword_thunder.uasset" 518
"../../../../../../UnrealProjects/EscapeRoomPuzzle/Content/AdvancedMagicFX12/Materials/MI_ky_trail_sword_water.uasset" 519
"../../../../../../UnrealProjects/EscapeRoomPuzzle/Content/AdvancedMagicFX12/Particles/P_ky_trail_water.uasset" 520
"../../../../../../UnrealProjects/EscapeRoomPuzzle/Content/AdvancedMagicFX12/Textures/T_ky_wave_nor.uasset" 521
"../../../../../../UnrealProjects/EscapeRoomPuzzle/Content/AdvancedMagicFX12/Materials/M_ky_waterDust.uasset" 522
"../../../../../../UnrealProjects/EscapeRoomPuzzle/Content/AdvancedMagicFX12/Materials/MI_ky_waterDust.uasset" 523
"../../../../../../UnrealProjects/EscapeRoomPuzzle/Content/AdvancedMagicFX12/Particles/P_ky_trail_waterDust.uasset" 524
"../../../../../../UnrealProjects/EscapeRoomPuzzle/Content/AdvancedMagicFX12/Animations/AS_sword_water.uasset" 525
"../../../../../../UnrealProjects/EscapeRoomPuzzle/Content/AdvancedMagicFX12/Particles/P_ky_trail_wind.uasset" 526
"../../../../../../UnrealProjects/EscapeRoomPuzzle/Content/AdvancedMagicFX12/Textures/T_ky_vortex04_4x4.uasset" 527
"../../../../../../UnrealProjects/EscapeRoomPuzzle/Content/AdvancedMagicFX12/Materials/M_ky_vortex04_4x4.uasset" 528
"../../../../../../UnrealProjects/EscapeRoomPuzzle/Content/AdvancedMagicFX12/Materials/MI_ky_vortex04B_4x4_two.uasset" 529
"../../../../../../UnrealProjects/EscapeRoomPuzzle/Content/AdvancedMagicFX12/Meshes/SM_ky_quad_centerRot.uasset" 530
"../../../../../../UnrealProjects/EscapeRoomPuzzle/Content/AdvancedMagicFX12/Particles/P_ky_trail_windDust.uasset" 531
"../../../../../../UnrealProjects/EscapeRoomPuzzle/Content/AdvancedMagicFX12/Animations/AS_sword_wind.uasset" 532
"../../../../../../UnrealProjects/EscapeRoomPuzzle/Content/AdvancedMagicFX12/Materials/MI_ky_aura14b_nonD.uasset" 533
"../../../../../../UnrealProjects/EscapeRoomPuzzle/Content/AdvancedMagicFX12/Particles/P_ky_aura.uasset" 534
"../../../../../../UnrealProjects/EscapeRoomPuzzle/Content/AdvancedMagicFX12/Blueprints/BP_ky_aura.uasset" 535
"../../../../../../UnrealProjects/EscapeRoomPuzzle/Content/AdvancedMagicFX12/Textures/T_ky_flowmap.uasset" 536
"../../../../../../UnrealProjects/EscapeRoomPuzzle/Content/AdvancedMagicFX12/Materials/M_ky_noiseSmoke2.uasset" 537
"../../../../../../UnrealProjects/EscapeRoomPuzzle/Content/AdvancedMagicFX12/Materials/MI_ky_aura14_dark.uasset" 538
"../../../../../../UnrealProjects/EscapeRoomPuzzle/Content/AdvancedMagicFX12/Materials/MI_ky_aura14_darkB_nonD.uasset" 539
"../../../../../../UnrealProjects/EscapeRoomPuzzle/Content/AdvancedMagicFX12/Particles/P_ky_aura_dark.uasset" 540
"../../../../../../UnrealProjects/EscapeRoomPuzzle/Content/AdvancedMagicFX12/Blueprints/BP_ky_aura_dark.uasset" 541
"../../../../../../UnrealProjects/EscapeRoomPuzzle/Content/AdvancedMagicFX12/Materials/MI_ky_aura14_ice.uasset" 542
"../../../../../../UnrealProjects/EscapeRoomPuzzle/Content/AdvancedMagicFX12/Materials/MI_ky_aura14_iceB_nonD.uasset" 543
"../../../../../../UnrealProjects/EscapeRoomPuzzle/Content/AdvancedMagicFX12/Particles/P_ky_aura_ice.uasset" 544
"../../../../../../UnrealProjects/EscapeRoomPuzzle/Content/AdvancedMagicFX12/Blueprints/BP_ky_aura_ice.uasset" 545
"../../../../../../UnrealProjects/EscapeRoomPuzzle/Content/AdvancedMagicFX12/Materials/MI_ky_aura14_shine.uasset" 546
"../../../../../../UnrealProjects/EscapeRoomPuzzle/Content/AdvancedMagicFX12/Materials/MI_ky_aura14_shineC_nonD.uasset" 547
"../../../../../../UnrealProjects/EscapeRoomPuzzle/Content/AdvancedMagicFX12/Particles/P_ky_aura_shine.uasset" 548
"../../../../../../UnrealProjects/EscapeRoomPuzzle/Content/AdvancedMagicFX12/Blueprints/BP_ky_aura_shine.uasset" 549
"../../../../../../UnrealProjects/EscapeRoomPuzzle/Content/AdvancedMagicFX12/Materials/MI_ky_aura14_thunder.uasset" 550
"../../../../../../UnrealProjects/EscapeRoomPuzzle/Content/AdvancedMagicFX12/Materials/MI_ky_aura14_thunderB_nonD.uasset" 551
"../../../../../../UnrealProjects/EscapeRoomPuzzle/Content/AdvancedMagicFX12/Particles/P_ky_aura_thunder.uasset" 552
"../../../../../../UnrealProjects/EscapeRoomPuzzle/Content/AdvancedMagicFX12/Blueprints/BP_ky_aura_thunder.uasset" 553
"../../../../../../UnrealProjects/EscapeRoomPuzzle/Content/AdvancedMagicFX12/Materials/MI_ky_aura14_water.uasset" 554
"../../../../../../UnrealProjects/EscapeRoomPuzzle/Content/AdvancedMagicFX12/Materials/MI_ky_aura14_waterB_nonD.uasset" 555
"../../../../../../UnrealProjects/EscapeRoomPuzzle/Content/AdvancedMagicFX12/Particles/P_ky_aura_water.uasset" 556
"../../../../../../UnrealProjects/EscapeRoomPuzzle/Content/AdvancedMagicFX12/Blueprints/BP_ky_aura_water.uasset" 557
"../../../../../../UnrealProjects/EscapeRoomPuzzle/Content/AdvancedMagicFX12/Materials/Mfunction/MF_ky_UVcontrol_4x4.uasset" 558
"../../../../../../UnrealProjects/EscapeRoomPuzzle/Content/AdvancedMagicFX12/Textures/T_ky_dust02uni_4x4.uasset" 559
"../../../../../../UnrealProjects/EscapeRoomPuzzle/Content/AdvancedMagicFX12/Materials/M_ky_dust02uni_4x4.uasset" 560
"../../../../../../UnrealProjects/EscapeRoomPuzzle/Content/AdvancedMagicFX12/Materials/M_ky_shockwave07.uasset" 561
"../../../../../../UnrealProjects/EscapeRoomPuzzle/Content/AdvancedMagicFX12/Particles/P_ky_hit.uasset" 562
"../../../../../../UnrealProjects/EscapeRoomPuzzle/Content/AdvancedMagicFX12/Blueprints/BP_ky_hit.uasset" 563
"../../../../../../UnrealProjects/EscapeRoomPuzzle/Content/AdvancedMagicFX12/Materials/MI_ky_shockwave07_dark.uasset" 564
"../../../../../../UnrealProjects/EscapeRoomPuzzle/Content/AdvancedMagicFX12/Particles/P_ky_hit_dark.uasset" 565
"../../../../../../UnrealProjects/EscapeRoomPuzzle/Content/AdvancedMagicFX12/Blueprints/BP_ky_hit_dark.uasset" 566
"../../../../../../UnrealProjects/EscapeRoomPuzzle/Content/AdvancedMagicFX12/Materials/MI_ky_shockwave07_fire.uasset" 567
"../../../../../../UnrealProjects/EscapeRoomPuzzle/Content/AdvancedMagicFX12/Particles/P_ky_hit_fire.uasset" 568
"../../../../../../UnrealProjects/EscapeRoomPuzzle/Content/AdvancedMagicFX12/Blueprints/BP_ky_hit_fire.uasset" 569
"../../../../../../UnrealProjects/EscapeRoomPuzzle/Content/AdvancedMagicFX12/Textures/T_ky_maskRGB5.uasset" 570
"../../../../../../UnrealProjects/EscapeRoomPuzzle/Content/AdvancedMagicFX12/Materials/M_ky_ice04.uasset" 571
"../../../../../../UnrealProjects/EscapeRoomPuzzle/Content/AdvancedMagicFX12/Materials/MI_ky_shockwave07_ice.uasset" 572
"../../../../../../UnrealProjects/EscapeRoomPuzzle/Content/AdvancedMagicFX12/Meshes/SM_ky_needle01.uasset" 573
"../../../../../../UnrealProjects/EscapeRoomPuzzle/Content/AdvancedMagicFX12/Particles/P_ky_hit_ice.uasset" 574
"../../../../../../UnrealProjects/EscapeRoomPuzzle/Content/AdvancedMagicFX12/Blueprints/BP_ky_hit_ice.uasset" 575
"../../../../../../UnrealProjects/EscapeRoomPuzzle/Content/AdvancedMagicFX12/Materials/MI_ky_shockwave07_shine.uasset" 576
"../../../../../../UnrealProjects/EscapeRoomPuzzle/Content/AdvancedMagicFX12/Materials/MI_ky_starDust.uasset" 577
"../../../../../../UnrealProjects/EscapeRoomPuzzle/Content/AdvancedMagicFX12/Particles/P_ky_hit_shine.uasset" 578
"../../../../../../UnrealProjects/EscapeRoomPuzzle/Content/AdvancedMagicFX12/Blueprints/BP_ky_hit_shine.uasset" 579
"../../../../../../UnrealProjects/EscapeRoomPuzzle/Content/AdvancedMagicFX12/Textures/T_ky_shockWave03_4x4.uasset" 580
"../../../../../../UnrealProjects/EscapeRoomPuzzle/Content/AdvancedMagicFX12/Materials/M_ky_shockWave03_4x4.uasset" 581
"../../../../../../UnrealProjects/EscapeRoomPuzzle/Content/AdvancedMagicFX12/Materials/MI_ky_shockWave03g_4x4.uasset" 582
"../../../../../../UnrealProjects/EscapeRoomPuzzle/Content/AdvancedMagicFX12/Materials/MI_ky_shockwave07_thunder.uasset" 583
"../../../../../../UnrealProjects/EscapeRoomPuzzle/Content/AdvancedMagicFX12/Particles/P_ky_hit_thunder.uasset" 584
"../../../../../../UnrealProjects/EscapeRoomPuzzle/Content/AdvancedMagicFX12/Blueprints/BP_ky_hit_thunder.uasset" 585
"../../../../../../UnrealProjects/EscapeRoomPuzzle/Content/AdvancedMagicFX12/Materials/MI_ky_shockwave07_water.uasset" 586
"../../../../../../UnrealProjects/EscapeRoomPuzzle/Content/AdvancedMagicFX12/Particles/P_ky_hit_water.uasset" 587
"../../../../../../UnrealProjects/EscapeRoomPuzzle/Content/AdvancedMagicFX12/Blueprints/BP_ky_hit_water.uasset" 588
"../../../../../../UnrealProjects/EscapeRoomPuzzle/Content/AdvancedMagicFX12/Materials/MI_ky_aura14.uasset" 589
"../../../../../../UnrealProjects/EscapeRoomPuzzle/Content/AdvancedMagicFX12/Materials/M_ky_primitive.uasset" 590
"../../../../../../UnrealProjects/EscapeRoomPuzzle/Content/AdvancedMagicFX12/Materials/MI_ky_primitive2c.uasset" 591
"../../../../../../UnrealProjects/EscapeRoomPuzzle/Content/AdvancedMagicFX12/Meshes/SM_ky_cylinderBend04.uasset" 592
"../../../../../../UnrealProjects/EscapeRoomPuzzle/Content/AdvancedMagicFX12/Particles/P_ky_shot.uasset" 593
"../../../../../../UnrealProjects/EscapeRoomPuzzle/Content/AdvancedMagicFX12/Blueprints/BP_ky_shot.uasset" 594
"../../../../../../UnrealProjects/EscapeRoomPuzzle/Content/AdvancedMagicFX12/Particles/P_ky_shot_dark.uasset" 595
"../../../../../../UnrealProjects/EscapeRoomPuzzle/Content/AdvancedMagicFX12/Blueprints/BP_ky_shot_dark.uasset" 596
"../../../../../../UnrealProjects/EscapeRoomPuzzle/Content/AdvancedMagicFX12/Particles/P_ky_shot_fire.uasset" 597
"../../../../../../UnrealProjects/EscapeRoomPuzzle/Content/AdvancedMagicFX12/Blueprints/BP_ky_shot_fire.uasset" 598
"../../../../../../UnrealProjects/EscapeRoomPuzzle/Content/AdvancedMagicFX12/Particles/P_ky_shot_ice.uasset" 599
"../../../../../../UnrealProjects/EscapeRoomPuzzle/Content/AdvancedMagicFX12/Blueprints/BP_ky_shot_ICE.uasset" 600
"../../../../../../UnrealProjects/EscapeRoomPuzzle/Content/AdvancedMagicFX12/Materials/MI_ky_aura14_shineB.uasset" 601
"../../../../../../UnrealProjects/EscapeRoomPuzzle/Content/AdvancedMagicFX12/Particles/P_ky_shot_shine.uasset" 602
"../../../../../../UnrealProjects/EscapeRoomPuzzle/Content/AdvancedMagicFX12/Blueprints/BP_ky_shot_shine.uasset" 603
"../../../../../../UnrealProjects/EscapeRoomPuzzle/Content/AdvancedMagicFX12/Particles/P_ky_shot_thunder.uasset" 604
"../../../../../../UnrealProjects/EscapeRoomPuzzle/Content/AdvancedMagicFX12/Blueprints/BP_ky_shot_thunder.uasset" 605
"../../../../../../UnrealProjects/EscapeRoomPuzzle/Content/AdvancedMagicFX12/Particles/P_ky_shot_water.uasset" 606
"../../../../../../UnrealProjects/EscapeRoomPuzzle/Content/AdvancedMagicFX12/Blueprints/BP_ky_shot_water.uasset" 607
"../../../../../../UnrealProjects/EscapeRoomPuzzle/Content/AdvancedMagicFX12/DemoRoomData/Materials/DefaultTextMaterialTranslucentUnlit.uasset" 608
"../../../../../../UnrealProjects/EscapeRoomPuzzle/Content/AdvancedMagicFX12/DemoRoomData/Materials/M_DemoWall.uasset" 609
"../../../../../../UnrealProjects/EscapeRoomPuzzle/Content/AdvancedMagicFX12/DemoRoomData/Physical_Materials/Rubber.uasset" 610
"../../../../../../UnrealProjects/EscapeRoomPuzzle/Content/AdvancedMagicFX12/DemoRoomData/Materials/M_DemoWall_Inst.uasset" 611
"../../../../../../UnrealProjects/EscapeRoomPuzzle/Content/AdvancedMagicFX12/DemoRoomData/Physical_Materials/Metal.uasset" 612
"../../../../../../UnrealProjects/EscapeRoomPuzzle/Content/AdvancedMagicFX12/DemoRoomData/Materials/M_DemoWall_Inst_3.uasset" 613
"../../../../../../UnrealProjects/EscapeRoomPuzzle/Content/AdvancedMagicFX12/DemoRoomData/Materials/M_DemoWall_Inst_NamePlate.uasset" 614
"../../../../../../UnrealProjects/EscapeRoomPuzzle/Content/AdvancedMagicFX12/DemoRoomData/Materials/M_DemoWall_Inst_BaseFloor_Inst.uasset" 615
"../../../../../../UnrealProjects/EscapeRoomPuzzle/Content/AdvancedMagicFX12/DemoRoomData/Blueprints/BP_DemoDisplay_Enum.uasset" 616
"../../../../../../UnrealProjects/EscapeRoomPuzzle/Content/AdvancedMagicFX12/DemoRoomData/Materials/M_DemoWall_Inst2.uasset" 617
"../../../../../../UnrealProjects/EscapeRoomPuzzle/Content/AdvancedMagicFX12/DemoRoomData/Meshes/SM_Base.uasset" 618
"../../../../../../UnrealProjects/EscapeRoomPuzzle/Content/AdvancedMagicFX12/DemoRoomData/Meshes/SM_Base2.uasset" 619
"../../../../../../UnrealProjects/EscapeRoomPuzzle/Content/AdvancedMagicFX12/DemoRoomData/Meshes/SM_Base_FlatWall.uasset" 620
"../../../../../../UnrealProjects/EscapeRoomPuzzle/Content/AdvancedMagicFX12/DemoRoomData/Meshes/SM_BaseRoom.uasset" 621
"../../../../../../UnrealProjects/EscapeRoomPuzzle/Content/AdvancedMagicFX12/DemoRoomData/Meshes/SM_NamePlate.uasset" 622
"../../../../../../UnrealProjects/EscapeRoomPuzzle/Content/AdvancedMagicFX12/DemoRoomData/Blueprints/BP_DemoDisplay.uasset" 623
"../../../../../../UnrealProjects/EscapeRoomPuzzle/Content/AdvancedMagicFX12/DemoRoomData/Textures/T_UnrealEngineDecal.uasset" 624
"../../../../../../UnrealProjects/EscapeRoomPuzzle/Content/AdvancedMagicFX12/DemoRoomData/Materials/M_Glass.uasset" 625
"../../../../../../UnrealProjects/EscapeRoomPuzzle/Content/AdvancedMagicFX12/DemoRoomData/Textures/T_RoomTiles_M.uasset" 626
"../../../../../../UnrealProjects/EscapeRoomPuzzle/Content/AdvancedMagicFX12/DemoRoomData/Textures/T_RoomTiles_N.uasset" 627
"../../../../../../UnrealProjects/EscapeRoomPuzzle/Content/AdvancedMagicFX12/DemoRoomData/Materials/M_DemoRoomTiles.uasset" 628
"../../../../../../UnrealProjects/EscapeRoomPuzzle/Content/AdvancedMagicFX12/DemoRoomData/Physical_Materials/Concrete.uasset" 629
"../../../../../../UnrealProjects/EscapeRoomPuzzle/Content/AdvancedMagicFX12/DemoRoomData/Materials/M_DemoRoomTiles_Inst.uasset" 630
"../../../../../../UnrealProjects/EscapeRoomPuzzle/Content/AdvancedMagicFX12/DemoRoomData/Textures/T_Pattern_M.uasset" 631
"../../../../../../UnrealProjects/EscapeRoomPuzzle/Content/AdvancedMagicFX12/DemoRoomData/Materials/M_DemoWallPattern.uasset" 632
"../../../../../../UnrealProjects/EscapeRoomPuzzle/Content/AdvancedMagicFX12/DemoRoomData/Materials/M_DemoWallPattern_Inst.uasset" 633
"../../../../../../UnrealProjects/EscapeRoomPuzzle/Content/AdvancedMagicFX12/DemoRoomData/Materials/M_DemoWallPattern_Inst_Mirrored.uasset" 634
"../../../../../../UnrealProjects/EscapeRoomPuzzle/Content/AdvancedMagicFX12/DemoRoomData/Materials/M_DemoWallPattern_NoText.uasset" 635
"../../../../../../UnrealProjects/EscapeRoomPuzzle/Content/AdvancedMagicFX12/DemoRoomData/Materials/M_Glass_Inst.uasset" 636
"../../../../../../UnrealProjects/EscapeRoomPuzzle/Content/AdvancedMagicFX12/DemoRoomData/Blueprints/BP_DemoRoom_Enum.uasset" 637
"../../../../../../UnrealProjects/EscapeRoomPuzzle/Content/AdvancedMagicFX12/DemoRoomData/Meshes/SM_DemoDivider_1.uasset" 638
"../../../../../../UnrealProjects/EscapeRoomPuzzle/Content/AdvancedMagicFX12/DemoRoomData/Meshes/SM_DemoDivider_2.uasset" 639
"../../../../../../UnrealProjects/EscapeRoomPuzzle/Content/AdvancedMagicFX12/DemoRoomData/Meshes/SM_DemoRoomBackWall.uasset" 640
"../../../../../../UnrealProjects/EscapeRoomPuzzle/Content/AdvancedMagicFX12/DemoRoomData/Materials/M_DemoWall_MattPlastic.uasset" 641
"../../../../../../UnrealProjects/EscapeRoomPuzzle/Content/AdvancedMagicFX12/DemoRoomData/Meshes/SM_DemoRoomBackWall2.uasset" 642
"../../../../../../UnrealProjects/EscapeRoomPuzzle/Content/AdvancedMagicFX12/DemoRoomData/Materials/M_LightTube.uasset" 643
"../../../../../../UnrealProjects/EscapeRoomPuzzle/Content/AdvancedMagicFX12/DemoRoomData/Materials/M_LightTube_Inst.uasset" 644
"../../../../../../UnrealProjects/EscapeRoomPuzzle/Content/AdvancedMagicFX12/DemoRoomData/Meshes/SM_DemoRoomClamp.uasset" 645
"../../../../../../UnrealProjects/EscapeRoomPuzzle/Content/AdvancedMagicFX12/DemoRoomData/Meshes/SM_DemoRoomClamp2.uasset" 646
"../../../../../../UnrealProjects/EscapeRoomPuzzle/Content/AdvancedMagicFX12/DemoRoomData/Meshes/SM_DemoRoomL.uasset" 647
"../../../../../../UnrealProjects/EscapeRoomPuzzle/Content/AdvancedMagicFX12/DemoRoomData/Meshes/SM_DemoRoomLTrim.uasset" 648
"../../../../../../UnrealProjects/EscapeRoomPuzzle/Content/AdvancedMagicFX12/DemoRoomData/Meshes/SM_DemoRoomTrim.uasset" 649
"../../../../../../UnrealProjects/EscapeRoomPuzzle/Content/AdvancedMagicFX12/DemoRoomData/Meshes/SM_DemoRoomTrim2.uasset" 650
"../../../../../../UnrealProjects/EscapeRoomPuzzle/Content/AdvancedMagicFX12/DemoRoomData/Meshes/SM_DemoRoomTrimAdd.uasset" 651
"../../../../../../UnrealProjects/EscapeRoomPuzzle/Content/AdvancedMagicFX12/DemoRoomData/Meshes/SM_DemoRoomU.uasset" 652
"../../../../../../UnrealProjects/EscapeRoomPuzzle/Content/AdvancedMagicFX12/DemoRoomData/Meshes/SM_DemoRoomU2.uasset" 653
"../../../../../../UnrealProjects/EscapeRoomPuzzle/Content/AdvancedMagicFX12/DemoRoomData/Meshes/SM_DemoRoomU_Hole.uasset" 654
"../../../../../../UnrealProjects/EscapeRoomPuzzle/Content/AdvancedMagicFX12/DemoRoomData/Meshes/SM_URoom_Wall.uasset" 655
"../../../../../../UnrealProjects/EscapeRoomPuzzle/Content/AdvancedMagicFX12/DemoRoomData/Meshes/SM_URoom_Wall2.uasset" 656
"../../../../../../UnrealProjects/EscapeRoomPuzzle/Content/AdvancedMagicFX12/DemoRoomData/Blueprints/BP_DemoRoom.uasset" 657
"../../../../../../UnrealProjects/EscapeRoomPuzzle/Content/AdvancedMagicFX12/Materials/M_ky_sword_black.uasset" 658
"../../../../../../UnrealProjects/EscapeRoomPuzzle/Content/AdvancedMagicFX12/Meshes/SK_ky_bigSword_anim_PhysicsAsset.uasset" 659
"../../../../../../UnrealProjects/EscapeRoomPuzzle/Content/AdvancedMagicFX12/Meshes/SK_ky_bigSword_anim.uasset" 660
"../../../../../../UnrealProjects/EscapeRoomPuzzle/Content/AdvancedMagicFX12/Maps/Overview.umap" 661
"../../../Engine/Content/EngineSky/C_Sky_Cloud_Color.uasset" 662
"../../../Engine/Content/EngineSky/C_Sky_Horizon_Color.uasset" 663
"../../../Engine/Content/EngineSky/C_Sky_Zenith_Color.uasset" 664
"../../../Engine/Content/EngineSky/T_Sky_Blue.uasset" 665
"../../../Engine/Content/EngineSky/T_Sky_Clouds_M.uasset" 666
"../../../Engine/Content/EngineSky/T_Sky_Stars.uasset" 667
"../../../Engine/Content/EngineSky/M_Sky_Panning_Clouds2.uasset" 668
"../../../Engine/Content/EngineSky/SM_SkySphere.uasset" 669
"../../../Engine/Content/EngineSky/BP_Sky_Sphere.uasset" 670
"../../../../../../UnrealProjects/EscapeRoomPuzzle/Content/ModularFantasyHouse/Maps/Demo_Houses_BuiltData.uasset" 671
"../../../Engine/Content/MapTemplates/SM_Template_Map_Floor.uasset" 672
"../../../../../../UnrealProjects/EscapeRoomPuzzle/Content/ModularFantasyHouse/Meshes/Props/SM_Candlestick.uasset" 673
"../../../../../../UnrealProjects/EscapeRoomPuzzle/Content/ModularFantasyHouse/Meshes/Props/SM_Jug.uasset" 674
"../../../../../../UnrealProjects/EscapeRoomPuzzle/Content/ModularFantasyHouse/Meshes/Props/SM_Jug_2.uasset" 675
"../../../../../../UnrealProjects/EscapeRoomPuzzle/Content/ModularFantasyHouse/Meshes/Props/SM_Lamp.uasset" 676
"../../../../../../UnrealProjects/EscapeRoomPuzzle/Content/ModularFantasyHouse/Meshes/Props/SM_Wooden_Box_2_Cap.uasset" 677
"../../../../../../UnrealProjects/EscapeRoomPuzzle/Content/ModularFantasyHouse/Meshes/Props/SM_Wooden_cup_1.uasset" 678
"../../../../../../UnrealProjects/EscapeRoomPuzzle/Content/ModularFantasyHouse/Meshes/SM_Fence_House_2m_v2.uasset" 679
"../../../../../../UnrealProjects/EscapeRoomPuzzle/Content/ModularFantasyHouse/Meshes/SM_Fence_House_3m_v2_1.uasset" 680
"../../../../../../UnrealProjects/EscapeRoomPuzzle/Content/ModularFantasyHouse/Meshes/SM_Hovel.uasset" 681
"../../../../../../UnrealProjects/EscapeRoomPuzzle/Content/ModularFantasyHouse/Meshes/SM_Roof_Bottom_L_Corner.uasset" 682
"../../../../../../UnrealProjects/EscapeRoomPuzzle/Content/ModularFantasyHouse/Meshes/SM_Roof_corner_L.uasset" 683
"../../../../../../UnrealProjects/EscapeRoomPuzzle/Content/ModularFantasyHouse/Meshes/SM_Roof_corner_R.uasset" 684
"../../../../../../UnrealProjects/EscapeRoomPuzzle/Content/ModularFantasyHouse/Meshes/SM_Wall_Stone_Window_v2.uasset" 685
"../../../../../../UnrealProjects/EscapeRoomPuzzle/Content/ModularFantasyHouse/Meshes/SM_Wall_Wood_Planks_v3.uasset" 686
"../../../../../../UnrealProjects/EscapeRoomPuzzle/Content/ModularFantasyHouse/Meshes/SM_Wood_Beam_3_2m.uasset" 687
"../../../../../../UnrealProjects/EscapeRoomPuzzle/Content/ModularFantasyHouse/Meshes/SM_Wood_Beam_3_2m_v2.uasset" 688
"../../../../../../UnrealProjects/EscapeRoomPuzzle/Content/ModularFantasyHouse/Meshes/SM_Wood_Beam_3_2m_v3.uasset" 689
"../../../../../../UnrealProjects/EscapeRoomPuzzle/Content/ModularFantasyHouse/Maps/Demo_Houses.umap" 690
"../../../../../../UnrealProjects/EscapeRoomPuzzle/Content/ModularFantasyHouse/Maps/Overview_BuiltData.uasset" 691
"../../../Engine/Content/TemplateResources/M_Template_Master.uasset" 692
"../../../Engine/Content/TemplateResources/MI_Template_BaseGray_03_Metal.uasset" 693
"../../../../../../UnrealProjects/EscapeRoomPuzzle/Content/ModularFantasyHouse/Meshes/Props/SM_Barrel_cap.uasset" 694
"../../../../../../UnrealProjects/EscapeRoomPuzzle/Content/ModularFantasyHouse/Meshes/Props/SM_Wooden_cup_2.uasset" 695
"../../../../../../UnrealProjects/EscapeRoomPuzzle/Content/ModularFantasyHouse/Meshes/SM_Ceiling_3x3m_v1.uasset" 696
"../../../../../../UnrealProjects/EscapeRoomPuzzle/Content/ModularFantasyHouse/Meshes/SM_Ceiling_extruded_second_floor_1x1m.uasset" 697
"../../../../../../UnrealProjects/EscapeRoomPuzzle/Content/ModularFantasyHouse/Meshes/SM_Fence_House_1m_v2.uasset" 698
"../../../../../../UnrealProjects/EscapeRoomPuzzle/Content/ModularFantasyHouse/Meshes/SM_Fence_House_3m_2.uasset" 699
"../../../../../../UnrealProjects/EscapeRoomPuzzle/Content/ModularFantasyHouse/Meshes/SM_Fence_House_3m_v2_2.uasset" 700
"../../../../../../UnrealProjects/EscapeRoomPuzzle/Content/ModularFantasyHouse/Meshes/SM_Roof_2_Left.uasset" 701
"../../../../../../UnrealProjects/EscapeRoomPuzzle/Content/ModularFantasyHouse/Meshes/SM_Roof_2_Left_1m.uasset" 702
"../../../../../../UnrealProjects/EscapeRoomPuzzle/Content/ModularFantasyHouse/Meshes/SM_Roof_2_Left_2m.uasset" 703
"../../../../../../UnrealProjects/EscapeRoomPuzzle/Content/ModularFantasyHouse/Meshes/SM_Roof_2_Right.uasset" 704
"../../../../../../UnrealProjects/EscapeRoomPuzzle/Content/ModularFantasyHouse/Meshes/SM_Roof_2_Right_1m.uasset" 705
"../../../../../../UnrealProjects/EscapeRoomPuzzle/Content/ModularFantasyHouse/Meshes/SM_Roof_2_Right_2m.uasset" 706
"../../../../../../UnrealProjects/EscapeRoomPuzzle/Content/ModularFantasyHouse/Meshes/SM_Roof_Bottom_Left_1m.uasset" 707
"../../../../../../UnrealProjects/EscapeRoomPuzzle/Content/ModularFantasyHouse/Meshes/SM_Roof_Bottom_R_Corner.uasset" 708
"../../../../../../UnrealProjects/EscapeRoomPuzzle/Content/ModularFantasyHouse/Meshes/SM_Roof_Bottom_Right_1m.uasset" 709
"../../../../../../UnrealProjects/EscapeRoomPuzzle/Content/ModularFantasyHouse/Meshes/SM_Roof_Corner_2_L.uasset" 710
"../../../../../../UnrealProjects/EscapeRoomPuzzle/Content/ModularFantasyHouse/Meshes/SM_Roof_Corner_2_R.uasset" 711
"../../../../../../UnrealProjects/EscapeRoomPuzzle/Content/ModularFantasyHouse/Meshes/SM_Roof_middle_Left.uasset" 712
"../../../../../../UnrealProjects/EscapeRoomPuzzle/Content/ModularFantasyHouse/Meshes/SM_Roof_middle_Right.uasset" 713
"../../../../../../UnrealProjects/EscapeRoomPuzzle/Content/ModularFantasyHouse/Meshes/SM_Roof_Top_1m.uasset" 714
"../../../../../../UnrealProjects/EscapeRoomPuzzle/Content/ModularFantasyHouse/Meshes/SM_Roof_Top_2m.uasset" 715
"../../../../../../UnrealProjects/EscapeRoomPuzzle/Content/ModularFantasyHouse/Meshes/SM_Roof_Top_for_extruded_floor_1m.uasset" 716
"../../../../../../UnrealProjects/EscapeRoomPuzzle/Content/ModularFantasyHouse/Meshes/SM_Roof_Top_for_extruded_floor_2m.uasset" 717
"../../../../../../UnrealProjects/EscapeRoomPuzzle/Content/ModularFantasyHouse/Meshes/SM_Roof_Top_for_extruded_floor_Middle.uasset" 718
"../../../../../../UnrealProjects/EscapeRoomPuzzle/Content/ModularFantasyHouse/Meshes/SM_Support_for_the_second_floor_2.uasset" 719
"../../../../../../UnrealProjects/EscapeRoomPuzzle/Content/ModularFantasyHouse/Meshes/SM_Wall_Stone_Door.uasset" 720
"../../../../../../UnrealProjects/EscapeRoomPuzzle/Content/ModularFantasyHouse/Meshes/SM_Wall_Wood_Planks_1m_v1_1.uasset" 721
"../../../../../../UnrealProjects/EscapeRoomPuzzle/Content/ModularFantasyHouse/Meshes/SM_Wall_Wood_Planks_Door_v2.uasset" 722
"../../../../../../UnrealProjects/EscapeRoomPuzzle/Content/ModularFantasyHouse/Meshes/SM_Wall_Wood_Planks_v2_1.uasset" 723
"../../../../../../UnrealProjects/EscapeRoomPuzzle/Content/ModularFantasyHouse/Meshes/SM_Wall_Wood_Planks_v3_1.uasset" 724
"../../../../../../UnrealProjects/EscapeRoomPuzzle/Content/ModularFantasyHouse/Meshes/SM_Wall_Wood_Planks_v4.uasset" 725
"../../../../../../UnrealProjects/EscapeRoomPuzzle/Content/ModularFantasyHouse/Meshes/SM_Wall_Wood_Planks_Window_v3.uasset" 726
"../../../../../../UnrealProjects/EscapeRoomPuzzle/Content/ModularFantasyHouse/Meshes/SM_Wood_Beam_3_2m_v1.uasset" 727
"../../../../../../UnrealProjects/EscapeRoomPuzzle/Content/ModularFantasyHouse/Meshes/SM_Wood_Beam_3m_v2.uasset" 728
"../../../../../../UnrealProjects/EscapeRoomPuzzle/Content/ModularFantasyHouse/Maps/Overview.umap" 729
"../../../../../../UnrealProjects/EscapeRoomPuzzle/Content/StarterContent/Blueprints/Assets/FogBrightnessLUT.uasset" 730
"../../../../../../UnrealProjects/EscapeRoomPuzzle/Content/StarterContent/Blueprints/Assets/SunlightColorLUT.uasset" 731
"../../../../../../UnrealProjects/EscapeRoomPuzzle/Content/StarterContent/Blueprints/Assets/M_LightStage_Arrows.uasset" 732
"../../../Engine/Content/MapTemplates/Sky/DaylightAmbientCubemap.uasset" 733
"../../../../../../UnrealProjects/EscapeRoomPuzzle/Content/StarterContent/Blueprints/Assets/M_LightStage_Skybox_Master.uasset" 734
"../../../../../../UnrealProjects/EscapeRoomPuzzle/Content/StarterContent/Blueprints/Assets/M_LightStage_Skybox_Black.uasset" 735
"../../../../../../UnrealProjects/EscapeRoomPuzzle/Content/StarterContent/Blueprints/Assets/M_LightStage_Skybox_HDRI.uasset" 736
"../../../../../../UnrealProjects/EscapeRoomPuzzle/Content/StarterContent/Blueprints/Assets/Skybox.uasset" 737
"../../../../../../UnrealProjects/EscapeRoomPuzzle/Content/StarterContent/Blueprints/Assets/SM_Arrows.uasset" 738
"../../../../../../UnrealProjects/EscapeRoomPuzzle/Content/StarterContent/HDRI/HDRI_Epic_Courtyard_Daylight.uasset" 739
"../../../../../../UnrealProjects/EscapeRoomPuzzle/Content/StarterContent/Blueprints/BP_LightStudio.uasset" 740
"../../../../../../UnrealProjects/EscapeRoomPuzzle/Content/StarterContent/Maps/Advanced_Lighting_BuiltData.uasset" 741
"../../../../../../UnrealProjects/EscapeRoomPuzzle/Content/StarterContent/Materials/M_AssetPlatform.uasset" 742
"../../../Engine/Content/EditorMeshes/ColorCalibrator/M_ChromeBall.uasset" 743
"../../../Engine/Content/EditorMeshes/ColorCalibrator/M_ClearCoat.uasset" 744
"../../../Engine/Content/EditorMeshes/ColorCalibrator/M_ClearCoatBlack.uasset" 745
"../../../Engine/Content/EditorMeshes/ColorCalibrator/Color_checker.uasset" 746
"../../../Engine/Content/EditorMeshes/ColorCalibrator/M_ColorGrid.uasset" 747
"../../../Engine/Content/EditorMeshes/ColorCalibrator/M_GreyBall.uasset" 748
"../../../Engine/Content/EditorMeshes/ColorCalibrator/SM_ColorCalibrator.uasset" 749
"../../../../../../UnrealProjects/EscapeRoomPuzzle/Content/StarterContent/Architecture/SM_AssetPlatform.uasset" 750
"../../../../../../UnrealProjects/EscapeRoomPuzzle/Content/StarterContent/Maps/Advanced_Lighting.umap" 751
"../../../../../../UnrealProjects/EscapeRoomPuzzle/Content/StarterContent/Maps/Minimal_Default_BuiltData.uasset" 752
"../../../../../../UnrealProjects/EscapeRoomPuzzle/Content/StarterContent/Textures/T_MacroVariation.uasset" 753
"../../../../../../UnrealProjects/EscapeRoomPuzzle/Content/StarterContent/Materials/M_Metal_Brushed_Nickel.uasset" 754
"../../../../../../UnrealProjects/EscapeRoomPuzzle/Content/StarterContent/Textures/T_Metal_Aluminum_D.uasset" 755
"../../../../../../UnrealProjects/EscapeRoomPuzzle/Content/StarterContent/Textures/T_Metal_Gold_N.uasset" 756
"../../../../../../UnrealProjects/EscapeRoomPuzzle/Content/StarterContent/Materials/M_Metal_Burnished_Steel.uasset" 757
"../../../../../../UnrealProjects/EscapeRoomPuzzle/Content/StarterContent/Textures/T_Metal_Copper_D.uasset" 758
"../../../../../../UnrealProjects/EscapeRoomPuzzle/Content/StarterContent/Materials/M_Metal_Copper.uasset" 759
"../../../../../../UnrealProjects/EscapeRoomPuzzle/Content/StarterContent/Textures/T_Statue_M.uasset" 760
"../../../../../../UnrealProjects/EscapeRoomPuzzle/Content/StarterContent/Textures/T_Statue_N.uasset" 761
"../../../../../../UnrealProjects/EscapeRoomPuzzle/Content/StarterContent/Props/Materials/M_StatueGlass.uasset" 762
"../../../../../../UnrealProjects/EscapeRoomPuzzle/Content/StarterContent/Architecture/Floor_400x400.uasset" 763
"../../../../../../UnrealProjects/EscapeRoomPuzzle/Content/StarterContent/Audio/Starter_Background_Cue.uasset" 764
"../../../../../../UnrealProjects/EscapeRoomPuzzle/Content/StarterContent/Props/SM_Chair.uasset" 765
"../../../../../../UnrealProjects/EscapeRoomPuzzle/Content/StarterContent/Props/Materials/M_Statue.uasset" 766
"../../../../../../UnrealProjects/EscapeRoomPuzzle/Content/StarterContent/Props/SM_Statue.uasset" 767
"../../../../../../UnrealProjects/EscapeRoomPuzzle/Content/StarterContent/Textures/T_TableRound_M.uasset" 768
"../../../../../../UnrealProjects/EscapeRoomPuzzle/Content/StarterContent/Textures/T_TableRound_N.uasset" 769
"../../../../../../UnrealProjects/EscapeRoomPuzzle/Content/StarterContent/Props/Materials/M_TableRound.uasset" 770
"../../../../../../UnrealProjects/EscapeRoomPuzzle/Content/StarterContent/Props/SM_TableRound.uasset" 771
"../../../../../../UnrealProjects/EscapeRoomPuzzle/Content/StarterContent/Maps/Minimal_Default.umap" 772
"../../../../../../UnrealProjects/EscapeRoomPuzzle/Content/StarterContent/Textures/T_Fire_SubUV.uasset" 773
"../../../../../../UnrealProjects/EscapeRoomPuzzle/Content/StarterContent/Textures/T_Fire_Tiled_D.uasset" 774
"../../../../../../UnrealProjects/EscapeRoomPuzzle/Content/StarterContent/Particles/Materials/M_Fire_SubUV.uasset" 775
"../../../../../../UnrealProjects/EscapeRoomPuzzle/Content/StarterContent/Textures/T_Water_N.uasset" 776
"../../../../../../UnrealProjects/EscapeRoomPuzzle/Content/StarterContent/Particles/Materials/M_Heat_Distortion.uasset" 777
"../../../../../../UnrealProjects/EscapeRoomPuzzle/Content/StarterContent/Particles/Materials/M_Radial_Gradient.uasset" 778
"../../../../../../UnrealProjects/EscapeRoomPuzzle/Content/StarterContent/Particles/P_Fire.uasset" 779
"../../../../../../UnrealProjects/EscapeRoomPuzzle/Content/StarterContent/Blueprints/Blueprint_Effect_Fire.uasset" 780
"../../../../../../UnrealProjects/EscapeRoomPuzzle/Content/StarterContent/Audio/Smoke01_Cue.uasset" 781
"../../../../../../UnrealProjects/EscapeRoomPuzzle/Content/StarterContent/Particles/P_Smoke.uasset" 782
"../../../../../../UnrealProjects/EscapeRoomPuzzle/Content/StarterContent/Blueprints/Blueprint_Effect_Smoke.uasset" 783
"../../../../../../UnrealProjects/EscapeRoomPuzzle/Content/StarterContent/Audio/Fire_Sparks01_Cue.uasset" 784
"../../../../../../UnrealProjects/EscapeRoomPuzzle/Content/StarterContent/Textures/T_Spark_Core.uasset" 785
"../../../../../../UnrealProjects/EscapeRoomPuzzle/Content/StarterContent/Particles/Materials/M_Spark.uasset" 786
"../../../../../../UnrealProjects/EscapeRoomPuzzle/Content/StarterContent/Particles/P_Sparks.uasset" 787
"../../../../../../UnrealProjects/EscapeRoomPuzzle/Content/StarterContent/Blueprints/Blueprint_Effect_Sparks.uasset" 788
"../../../../../../UnrealProjects/EscapeRoomPuzzle/Content/StarterContent/Audio/Steam01_Cue.uasset" 789
"../../../../../../UnrealProjects/EscapeRoomPuzzle/Content/StarterContent/Particles/P_Steam_Lit.uasset" 790
"../../../../../../UnrealProjects/EscapeRoomPuzzle/Content/StarterContent/Blueprints/Blueprint_Effect_Steam.uasset" 791
"../../../../../../UnrealProjects/EscapeRoomPuzzle/Content/StarterContent/Textures/T_Lamp_M.uasset" 792
"../../../../../../UnrealProjects/EscapeRoomPuzzle/Content/StarterContent/Textures/T_Lamp_N.uasset" 793
"../../../../../../UnrealProjects/EscapeRoomPuzzle/Content/StarterContent/Props/Materials/M_Lamp.uasset" 794
"../../../../../../UnrealProjects/EscapeRoomPuzzle/Content/StarterContent/Props/SM_Lamp_Ceiling.uasset" 795
"../../../../../../UnrealProjects/EscapeRoomPuzzle/Content/StarterContent/Blueprints/Blueprint_CeilingLight.uasset" 796
"../../../../../../UnrealProjects/EscapeRoomPuzzle/Content/StarterContent/Props/SM_Lamp_Wall.uasset" 797
"../../../../../../UnrealProjects/EscapeRoomPuzzle/Content/StarterContent/Blueprints/Blueprint_WallSconce.uasset" 798
"../../../../../../UnrealProjects/EscapeRoomPuzzle/Content/StarterContent/Maps/StarterMap_BuiltData.uasset" 799
"../../../Engine/Content/Functions/Engine_MaterialFunctions03/Procedurals/ComputeFilterWidth.uasset" 800
"../../../Engine/Content/EngineMaterials/AntiAliasedTextMaterialTranslucent.uasset" 801
"../../../../../../UnrealProjects/EscapeRoomPuzzle/Content/StarterContent/Textures/T_Brick_Clay_Beveled_D.uasset" 802
"../../../../../../UnrealProjects/EscapeRoomPuzzle/Content/StarterContent/Textures/T_Brick_Clay_Beveled_M.uasset" 803
"../../../../../../UnrealProjects/EscapeRoomPuzzle/Content/StarterContent/Textures/T_Brick_Clay_Beveled_N.uasset" 804
"../../../../../../UnrealProjects/EscapeRoomPuzzle/Content/StarterContent/Materials/M_Brick_Clay_Beveled.uasset" 805
"../../../../../../UnrealProjects/EscapeRoomPuzzle/Content/StarterContent/Textures/T_Brick_Clay_New_D.uasset" 806
"../../../../../../UnrealProjects/EscapeRoomPuzzle/Content/StarterContent/Textures/T_Brick_Clay_New_M.uasset" 807
"../../../../../../UnrealProjects/EscapeRoomPuzzle/Content/StarterContent/Textures/T_Brick_Clay_New_N.uasset" 808
"../../../../../../UnrealProjects/EscapeRoomPuzzle/Content/StarterContent/Materials/M_Brick_Clay_New.uasset" 809
"../../../../../../UnrealProjects/EscapeRoomPuzzle/Content/StarterContent/Textures/T_Brick_Clay_Old_D.uasset" 810
"../../../../../../UnrealProjects/EscapeRoomPuzzle/Content/StarterContent/Textures/T_Brick_Clay_Old_N.uasset" 811
"../../../../../../UnrealProjects/EscapeRoomPuzzle/Content/StarterContent/Textures/T_Perlin_Noise_M.uasset" 812
"../../../../../../UnrealProjects/EscapeRoomPuzzle/Content/StarterContent/Materials/M_Brick_Clay_Old.uasset" 813
"../../../../../../UnrealProjects/EscapeRoomPuzzle/Content/StarterContent/Textures/T_Brick_Cut_Stone_D.uasset" 814
"../../../../../../UnrealProjects/EscapeRoomPuzzle/Content/StarterContent/Textures/T_Brick_Cut_Stone_N.uasset" 815
"../../../../../../UnrealProjects/EscapeRoomPuzzle/Content/StarterContent/Materials/M_Brick_Cut_Stone.uasset" 816
"../../../../../../UnrealProjects/EscapeRoomPuzzle/Content/StarterContent/Textures/T_Brick_Hewn_Stone_D.uasset" 817
"../../../../../../UnrealProjects/EscapeRoomPuzzle/Content/StarterContent/Textures/T_Brick_Hewn_Stone_M.uasset" 818
"../../../../../../UnrealProjects/EscapeRoomPuzzle/Content/StarterContent/Textures/T_Brick_Hewn_Stone_N.uasset" 819
"../../../../../../UnrealProjects/EscapeRoomPuzzle/Content/StarterContent/Materials/M_Brick_Hewn_Stone.uasset" 820
"../../../../../../UnrealProjects/EscapeRoomPuzzle/Content/StarterContent/Textures/T_Ceramic_Tile_M.uasset" 821
"../../../../../../UnrealProjects/EscapeRoomPuzzle/Content/StarterContent/Textures/T_Ceramic_Tile_N.uasset" 822
"../../../../../../UnrealProjects/EscapeRoomPuzzle/Content/StarterContent/Textures/T_Rock_Marble_Polished_D.uasset" 823
"../../../../../../UnrealProjects/EscapeRoomPuzzle/Content/StarterContent/Materials/M_Ceramic_Tile_Checker.uasset" 824
"../../../../../../UnrealProjects/EscapeRoomPuzzle/Content/StarterContent/Textures/T_CobbleStone_Pebble_D.uasset" 825
"../../../../../../UnrealProjects/EscapeRoomPuzzle/Content/StarterContent/Textures/T_CobbleStone_Pebble_M.uasset" 826
"../../../../../../UnrealProjects/EscapeRoomPuzzle/Content/StarterContent/Textures/T_CobbleStone_Pebble_N.uasset" 827
"../../../../../../UnrealProjects/EscapeRoomPuzzle/Content/StarterContent/Materials/M_CobbleStone_Pebble.uasset" 828
"../../../../../../UnrealProjects/EscapeRoomPuzzle/Content/StarterContent/Textures/T_CobbleStone_Rough_D.uasset" 829
"../../../../../../UnrealProjects/EscapeRoomPuzzle/Content/StarterContent/Textures/T_CobbleStone_Rough_N.uasset" 830
"../../../../../../UnrealProjects/EscapeRoomPuzzle/Content/StarterContent/Textures/T_Gradinet_01.uasset" 831
"../../../../../../UnrealProjects/EscapeRoomPuzzle/Content/StarterContent/Textures/T_Rock_Smooth_Granite_D.uasset" 832
"../../../../../../UnrealProjects/EscapeRoomPuzzle/Content/StarterContent/Materials/M_CobbleStone_Rough.uasset" 833
"../../../../../../UnrealProjects/EscapeRoomPuzzle/Content/StarterContent/Textures/T_CobbleStone_Smooth_D.uasset" 834
"../../../../../../UnrealProjects/EscapeRoomPuzzle/Content/StarterContent/Textures/T_CobbleStone_Smooth_M.uasset" 835
"../../../../../../UnrealProjects/EscapeRoomPuzzle/Content/StarterContent/Textures/T_CobbleStone_Smooth_N.uasset" 836
"../../../../../../UnrealProjects/EscapeRoomPuzzle/Content/StarterContent/Materials/M_CobbleStone_Smooth.uasset" 837
"../../../../../../UnrealProjects/EscapeRoomPuzzle/Content/StarterContent/Textures/T_Concrete_Grime_D.uasset" 838
"../../../../../../UnrealProjects/EscapeRoomPuzzle/Content/StarterContent/Textures/T_Metal_Rust_N.uasset" 839
"../../../../../../UnrealProjects/EscapeRoomPuzzle/Content/StarterContent/Materials/M_Concrete_Grime.uasset" 840
"../../../../../../UnrealProjects/EscapeRoomPuzzle/Content/StarterContent/Textures/T_Concrete_Panels_D.uasset" 841
"../../../../../../UnrealProjects/EscapeRoomPuzzle/Content/StarterContent/Textures/T_Concrete_Panels_N.uasset" 842
"../../../../../../UnrealProjects/EscapeRoomPuzzle/Content/StarterContent/Materials/M_Concrete_Panels.uasset" 843
"../../../../../../UnrealProjects/EscapeRoomPuzzle/Content/StarterContent/Textures/T_Concrete_Poured_D.uasset" 844
"../../../../../../UnrealProjects/EscapeRoomPuzzle/Content/StarterContent/Textures/T_Concrete_Poured_N.uasset" 845
"../../../../../../UnrealProjects/EscapeRoomPuzzle/Content/StarterContent/Materials/M_Concrete_Poured.uasset" 846
"../../../../../../UnrealProjects/EscapeRoomPuzzle/Content/StarterContent/Textures/T_Concrete_Tiles_D.uasset" 847
"../../../../../../UnrealProjects/EscapeRoomPuzzle/Content/StarterContent/Textures/T_Concrete_Tiles_M.uasset" 848
"../../../../../../UnrealProjects/EscapeRoomPuzzle/Content/StarterContent/Textures/T_Concrete_Tiles_N.uasset" 849
"../../../../../../UnrealProjects/EscapeRoomPuzzle/Content/StarterContent/Textures/T_Concrete_Tiles_Variation_M.uasset" 850
"../../../../../../UnrealProjects/EscapeRoomPuzzle/Content/StarterContent/Materials/M_Concrete_Tiles.uasset" 851
"../../../../../../UnrealProjects/EscapeRoomPuzzle/Content/StarterContent/Textures/T_Ground_Grass_D.uasset" 852
"../../../../../../UnrealProjects/EscapeRoomPuzzle/Content/StarterContent/Textures/T_Ground_Grass_N.uasset" 853
"../../../../../../UnrealProjects/EscapeRoomPuzzle/Content/StarterContent/Materials/M_Ground_Grass.uasset" 854
"../../../../../../UnrealProjects/EscapeRoomPuzzle/Content/StarterContent/Textures/T_Ground_Gravel_D.uasset" 855
"../../../../../../UnrealProjects/EscapeRoomPuzzle/Content/StarterContent/Textures/T_Ground_Gravel_N.uasset" 856
"../../../../../../UnrealProjects/EscapeRoomPuzzle/Content/StarterContent/Materials/M_Ground_Gravel.uasset" 857
"../../../../../../UnrealProjects/EscapeRoomPuzzle/Content/StarterContent/Textures/T_ground_Moss_D.uasset" 858
"../../../../../../UnrealProjects/EscapeRoomPuzzle/Content/StarterContent/Textures/T_Ground_Moss_N.uasset" 859
"../../../../../../UnrealProjects/EscapeRoomPuzzle/Content/StarterContent/Materials/M_Ground_Moss.uasset" 860
"../../../../../../UnrealProjects/EscapeRoomPuzzle/Content/StarterContent/Materials/M_Metal_Chrome.uasset" 861
"../../../../../../UnrealProjects/EscapeRoomPuzzle/Content/StarterContent/Textures/T_Metal_Gold_D.uasset" 862
"../../../../../../UnrealProjects/EscapeRoomPuzzle/Content/StarterContent/Materials/M_Metal_Gold.uasset" 863
"../../../../../../UnrealProjects/EscapeRoomPuzzle/Content/StarterContent/Textures/T_Metal_Rust_D.uasset" 864
"../../../../../../UnrealProjects/EscapeRoomPuzzle/Content/StarterContent/Materials/M_Metal_Rust.uasset" 865
"../../../../../../UnrealProjects/EscapeRoomPuzzle/Content/StarterContent/Textures/T_Metal_Steel_D.uasset" 866
"../../../../../../UnrealProjects/EscapeRoomPuzzle/Content/StarterContent/Textures/T_Metal_Steel_N.uasset" 867
"../../../../../../UnrealProjects/EscapeRoomPuzzle/Content/StarterContent/Materials/M_Metal_Steel.uasset" 868
"../../../../../../UnrealProjects/EscapeRoomPuzzle/Content/StarterContent/Textures/T_Rock_Basalt_N.uasset" 869
"../../../../../../UnrealProjects/EscapeRoomPuzzle/Content/StarterContent/Materials/M_Rock_Basalt.uasset" 870
"../../../../../../UnrealProjects/EscapeRoomPuzzle/Content/StarterContent/Materials/M_Rock_Marble_Polished.uasset" 871
"../../../../../../UnrealProjects/EscapeRoomPuzzle/Content/StarterContent/Textures/T_Rock_Sandstone_D.uasset" 872
"../../../../../../UnrealProjects/EscapeRoomPuzzle/Content/StarterContent/Textures/T_Rock_Sandstone_N.uasset" 873
"../../../../../../UnrealProjects/EscapeRoomPuzzle/Content/StarterContent/Materials/M_Rock_Sandstone.uasset" 874
"../../../../../../UnrealProjects/EscapeRoomPuzzle/Content/StarterContent/Textures/T_Rock_Slate_D.uasset" 875
"../../../../../../UnrealProjects/EscapeRoomPuzzle/Content/StarterContent/Textures/T_Rock_Slate_N.uasset" 876
"../../../../../../UnrealProjects/EscapeRoomPuzzle/Content/StarterContent/Materials/M_Rock_Slate.uasset" 877
"../../../../../../UnrealProjects/EscapeRoomPuzzle/Content/StarterContent/Textures/T_Checker_Noise_M.uasset" 878
"../../../../../../UnrealProjects/EscapeRoomPuzzle/Content/StarterContent/Textures/T_Single_Tile_N.uasset" 879
"../../../../../../UnrealProjects/EscapeRoomPuzzle/Content/StarterContent/Textures/T_Tech_Dot_M.uasset" 880
"../../../../../../UnrealProjects/EscapeRoomPuzzle/Content/StarterContent/Textures/T_Tech_Dot_N.uasset" 881
"../../../../../../UnrealProjects/EscapeRoomPuzzle/Content/StarterContent/Materials/M_Tech_Checker_Dot.uasset" 882
"../../../../../../UnrealProjects/EscapeRoomPuzzle/Content/StarterContent/Textures/T_Tech_Hex_Tile_M.uasset" 883
"../../../../../../UnrealProjects/EscapeRoomPuzzle/Content/StarterContent/Textures/T_Tech_Hex_Tile_N.uasset" 884
"../../../../../../UnrealProjects/EscapeRoomPuzzle/Content/StarterContent/Materials/M_Tech_Hex_Tile.uasset" 885
"../../../../../../UnrealProjects/EscapeRoomPuzzle/Content/StarterContent/Materials/M_Tech_Hex_Tile_Pulse.uasset" 886
"../../../../../../UnrealProjects/EscapeRoomPuzzle/Content/StarterContent/Textures/T_Tech_Panel_M.uasset" 887
"../../../../../../UnrealProjects/EscapeRoomPuzzle/Content/StarterContent/Textures/T_Tech_Panel_N.uasset" 888
"../../../../../../UnrealProjects/EscapeRoomPuzzle/Content/StarterContent/Materials/M_Tech_Panel.uasset" 889
"../../../../../../UnrealProjects/EscapeRoomPuzzle/Content/StarterContent/Materials/M_Water_Lake.uasset" 890
"../../../../../../UnrealProjects/EscapeRoomPuzzle/Content/StarterContent/Textures/T_Water_M.uasset" 891
"../../../../../../UnrealProjects/EscapeRoomPuzzle/Content/StarterContent/Materials/M_Water_Ocean.uasset" 892
"../../../../../../UnrealProjects/EscapeRoomPuzzle/Content/StarterContent/Textures/T_Wood_Floor_Walnut_D.uasset" 893
"../../../../../../UnrealProjects/EscapeRoomPuzzle/Content/StarterContent/Textures/T_Wood_Floor_Walnut_M.uasset" 894
"../../../../../../UnrealProjects/EscapeRoomPuzzle/Content/StarterContent/Textures/T_Wood_Floor_Walnut_N.uasset" 895
"../../../../../../UnrealProjects/EscapeRoomPuzzle/Content/StarterContent/Materials/M_Wood_Floor_Walnut_Polished.uasset" 896
"../../../Engine/Content/Functions/Engine_MaterialFunctions01/Opacity/AlphaOffset.uasset" 897
"../../../../../../UnrealProjects/EscapeRoomPuzzle/Content/StarterContent/Materials/M_Wood_Floor_Walnut_Worn.uasset" 898
"../../../../../../UnrealProjects/EscapeRoomPuzzle/Content/StarterContent/Textures/T_Wood_Oak_D.uasset" 899
"../../../../../../UnrealProjects/EscapeRoomPuzzle/Content/StarterContent/Textures/T_Wood_Oak_N.uasset" 900
"../../../../../../UnrealProjects/EscapeRoomPuzzle/Content/StarterContent/Materials/M_Wood_Oak.uasset" 901
"../../../../../../UnrealProjects/EscapeRoomPuzzle/Content/StarterContent/Textures/T_Wood_Pine_D.uasset" 902
"../../../../../../UnrealProjects/EscapeRoomPuzzle/Content/StarterContent/Textures/T_Wood_Pine_N.uasset" 903
"../../../../../../UnrealProjects/EscapeRoomPuzzle/Content/StarterContent/Materials/M_Wood_Pine.uasset" 904
"../../../../../../UnrealProjects/EscapeRoomPuzzle/Content/StarterContent/Textures/T_Wood_Walnut_D.uasset" 905
"../../../../../../UnrealProjects/EscapeRoomPuzzle/Content/StarterContent/Textures/T_Wood_Walnut_N.uasset" 906
"../../../../../../UnrealProjects/EscapeRoomPuzzle/Content/StarterContent/Materials/M_Wood_Walnut.uasset" 907
"../../../../../../UnrealProjects/EscapeRoomPuzzle/Content/StarterContent/Architecture/Wall_400x200.uasset" 908
"../../../../../../UnrealProjects/EscapeRoomPuzzle/Content/StarterContent/Architecture/Wall_Door_400x300.uasset" 909
"../../../../../../UnrealProjects/EscapeRoomPuzzle/Content/StarterContent/Architecture/Wall_Window_400x300.uasset" 910
"../../../../../../UnrealProjects/EscapeRoomPuzzle/Content/StarterContent/Audio/Collapse_Cue.uasset" 911
"../../../../../../UnrealProjects/EscapeRoomPuzzle/Content/StarterContent/Audio/Starter_Music_Cue.uasset" 912
"../../../../../../UnrealProjects/EscapeRoomPuzzle/Content/StarterContent/Textures/T_Dust_Particle_D.uasset" 913
"../../../../../../UnrealProjects/EscapeRoomPuzzle/Content/StarterContent/Particles/Materials/M_Dust_Particle.uasset" 914
"../../../../../../UnrealProjects/EscapeRoomPuzzle/Content/StarterContent/Particles/P_Ambient_Dust.uasset" 915
"../../../../../../UnrealProjects/EscapeRoomPuzzle/Content/StarterContent/Props/MaterialSphere.uasset" 916
"../../../../../../UnrealProjects/EscapeRoomPuzzle/Content/StarterContent/Textures/T_Frame_M.uasset" 917
"../../../../../../UnrealProjects/EscapeRoomPuzzle/Content/StarterContent/Textures/T_Frame_N.uasset" 918
"../../../../../../UnrealProjects/EscapeRoomPuzzle/Content/StarterContent/Props/Materials/M_Frame.uasset" 919
"../../../../../../UnrealProjects/EscapeRoomPuzzle/Content/StarterContent/Props/SM_CornerFrame.uasset" 920
"../../../../../../UnrealProjects/EscapeRoomPuzzle/Content/StarterContent/Props/SM_DoorFrame.uasset" 921
"../../../../../../UnrealProjects/EscapeRoomPuzzle/Content/StarterContent/Props/SM_GlassWindow.uasset" 922
"../../../../../../UnrealProjects/EscapeRoomPuzzle/Content/StarterContent/Props/SM_PillarFrame.uasset" 923
"../../../../../../UnrealProjects/EscapeRoomPuzzle/Content/StarterContent/Props/SM_PillarFrame300.uasset" 924
"../../../../../../UnrealProjects/EscapeRoomPuzzle/Content/StarterContent/Props/SM_WindowFrame.uasset" 925
"../../../../../../UnrealProjects/EscapeRoomPuzzle/Content/StarterContent/Shapes/Shape_Cube.uasset" 926
"../../../../../../UnrealProjects/EscapeRoomPuzzle/Content/StarterContent/Shapes/Shape_QuadPyramid.uasset" 927
"../../../../../../UnrealProjects/EscapeRoomPuzzle/Content/StarterContent/Shapes/Shape_Sphere.uasset" 928
"../../../../../../UnrealProjects/EscapeRoomPuzzle/Content/StarterContent/Maps/StarterMap.umap" 929
"../../../Engine/Content/Maps/Entry_BuiltData.uasset" 930
"../../../Engine/Content/Maps/Entry.umap" 931
